2020-05-07 15:36:02,516 - logs… - INFO - D:\JRLJK_interfacetest
2020-05-07 15:36:02,517 - logs… - INFO - resultPathD:\JRLJK_interfacetest\report\report2020-05-07-15-36-02.html
2020-05-07 15:36:02,517 - logs… - INFO - caseListFileD:\JRLJK_interfacetest\caselist.txt
2020-05-07 15:36:02,517 - logs… - INFO - caseList[]
2020-05-07 15:36:02,580 - logs… - INFO - suite_module:[<unittest.suite.TestSuite tests=[<unittest.suite.TestSuite tests=[<unittest.suite.TestSuite tests=[<test_api_01_01.Test_api_01_01 testMethod=test_Case>]>]>]>]
2020-05-07 15:36:02,584 - logs… - INFO - suite_module:[<unittest.suite.TestSuite tests=[<unittest.suite.TestSuite tests=[<unittest.suite.TestSuite tests=[<test_api_01_01.Test_api_01_01 testMethod=test_Case>]>]>]>, <unittest.suite.TestSuite tests=[<unittest.suite.TestSuite tests=[<unittest.suite.TestSuite tests=[<test_api_01_02.Test_api_01_02 testMethod=test_Case>]>]>]>]
2020-05-07 15:36:02,588 - logs… - INFO - suite_module:[<unittest.suite.TestSuite tests=[<unittest.suite.TestSuite tests=[<unittest.suite.TestSuite tests=[<test_api_01_01.Test_api_01_01 testMethod=test_Case>]>]>]>, <unittest.suite.TestSuite tests=[<unittest.suite.TestSuite tests=[<unittest.suite.TestSuite tests=[<test_api_01_02.Test_api_01_02 testMethod=test_Case>]>]>]>, <unittest.suite.TestSuite tests=[<unittest.suite.TestSuite tests=[<unittest.suite.TestSuite tests=[<test_api_01_03.Test_api_01_03 testMethod=testCase>]>]>]>]
2020-05-07 15:36:02,591 - logs… - INFO - suite_module:[<unittest.suite.TestSuite tests=[<unittest.suite.TestSuite tests=[<unittest.suite.TestSuite tests=[<test_api_01_01.Test_api_01_01 testMethod=test_Case>]>]>]>, <unittest.suite.TestSuite tests=[<unittest.suite.TestSuite tests=[<unittest.suite.TestSuite tests=[<test_api_01_02.Test_api_01_02 testMethod=test_Case>]>]>]>, <unittest.suite.TestSuite tests=[<unittest.suite.TestSuite tests=[<unittest.suite.TestSuite tests=[<test_api_01_03.Test_api_01_03 testMethod=testCase>]>]>]>, <unittest.suite.TestSuite tests=[<unittest.suite.TestSuite tests=[<unittest.suite.TestSuite tests=[<test_api_01_04.Test_api_01_04 testMethod=test_Case>]>]>]>]
2020-05-07 15:36:02,595 - logs… - INFO - suite_module:[<unittest.suite.TestSuite tests=[<unittest.suite.TestSuite tests=[<unittest.suite.TestSuite tests=[<test_api_01_01.Test_api_01_01 testMethod=test_Case>]>]>]>, <unittest.suite.TestSuite tests=[<unittest.suite.TestSuite tests=[<unittest.suite.TestSuite tests=[<test_api_01_02.Test_api_01_02 testMethod=test_Case>]>]>]>, <unittest.suite.TestSuite tests=[<unittest.suite.TestSuite tests=[<unittest.suite.TestSuite tests=[<test_api_01_03.Test_api_01_03 testMethod=testCase>]>]>]>, <unittest.suite.TestSuite tests=[<unittest.suite.TestSuite tests=[<unittest.suite.TestSuite tests=[<test_api_01_04.Test_api_01_04 testMethod=test_Case>]>]>]>, <unittest.suite.TestSuite tests=[<unittest.suite.TestSuite tests=[<unittest.suite.TestSuite tests=[<test_api_01_05.Test_api_01_05 testMethod=test_Case>]>]>]>]
2020-05-07 15:36:02,598 - logs… - INFO - suite_module:[<unittest.suite.TestSuite tests=[<unittest.suite.TestSuite tests=[<unittest.suite.TestSuite tests=[<test_api_01_01.Test_api_01_01 testMethod=test_Case>]>]>]>, <unittest.suite.TestSuite tests=[<unittest.suite.TestSuite tests=[<unittest.suite.TestSuite tests=[<test_api_01_02.Test_api_01_02 testMethod=test_Case>]>]>]>, <unittest.suite.TestSuite tests=[<unittest.suite.TestSuite tests=[<unittest.suite.TestSuite tests=[<test_api_01_03.Test_api_01_03 testMethod=testCase>]>]>]>, <unittest.suite.TestSuite tests=[<unittest.suite.TestSuite tests=[<unittest.suite.TestSuite tests=[<test_api_01_04.Test_api_01_04 testMethod=test_Case>]>]>]>, <unittest.suite.TestSuite tests=[<unittest.suite.TestSuite tests=[<unittest.suite.TestSuite tests=[<test_api_01_05.Test_api_01_05 testMethod=test_Case>]>]>]>, <unittest.suite.TestSuite tests=[<unittest.suite.TestSuite tests=[<unittest.suite.TestSuite tests=[<test_api_01_06.Test_api_01_06 testMethod=test_Case>]>]>]>]
2020-05-07 15:36:02,598 - logs… - INFO - try
2020-05-07 15:36:02,598 - logs… - INFO - <unittest.suite.TestSuite tests=[<unittest.suite.TestSuite tests=[<unittest.suite.TestSuite tests=[<test_api_01_01.Test_api_01_01 testMethod=test_Case>]>]>, <unittest.suite.TestSuite tests=[<unittest.suite.TestSuite tests=[<test_api_01_02.Test_api_01_02 testMethod=test_Case>]>]>, <unittest.suite.TestSuite tests=[<unittest.suite.TestSuite tests=[<test_api_01_03.Test_api_01_03 testMethod=testCase>]>]>, <unittest.suite.TestSuite tests=[<unittest.suite.TestSuite tests=[<test_api_01_04.Test_api_01_04 testMethod=test_Case>]>]>, <unittest.suite.TestSuite tests=[<unittest.suite.TestSuite tests=[<test_api_01_05.Test_api_01_05 testMethod=test_Case>]>]>, <unittest.suite.TestSuite tests=[<unittest.suite.TestSuite tests=[<test_api_01_06.Test_api_01_06 testMethod=test_Case>]>]>]>
2020-05-07 15:36:02,598 - logs… - INFO - if-suit
2020-05-07 15:36:02,599 - logs… - INFO - <common.HTMLTestRunner.HTMLTestRunner object at 0x000002375E8F8188>
2020-05-07 15:36:02,599 - logs… - INFO - 接口测试用例：test_api_01_01.py  ====== test  starts ========
2020-05-07 15:36:02,680 - logs… - INFO - (200, {'errcode': 0, 'data': {'furnaceNo': '2', 'areaNo': '5', 'status': 1, 'content': [[1588836963000, 0]], 'door_status': 1}})
2020-05-07 15:36:02,680 - logs… - INFO - code：200
2020-05-07 15:36:02,680 - logs… - INFO - errcode：0
2020-05-07 15:36:02,680 - logs… - INFO - furnaceNo：2
2020-05-07 15:36:02,680 - logs… - INFO - areaNo：5
2020-05-07 15:36:02,680 - logs… - INFO - 温度和时间不为空
2020-05-07 15:36:02,680 - logs… - INFO - len(temp_list) =2
2020-05-07 15:36:02,680 - logs… - INFO - 时间戳长度符合期望
2020-05-07 15:36:02,680 - logs… - INFO - type 符合期望 
2020-05-07 15:36:02,680 - logs… - INFO - time.struct_time(tm_year=2020, tm_mon=5, tm_mday=7, tm_hour=15, tm_min=36, tm_sec=3, tm_wday=3, tm_yday=128, tm_isdst=0)
2020-05-07 15:36:02,680 - logs… - INFO - <class 'time.struct_time'>
2020-05-07 15:36:02,680 - logs… - INFO - 时间戳符合期望
2020-05-07 15:36:02,680 - logs… - INFO - 接口测试用例：test_api_01_01.py  ====== test  end ========
2020-05-07 15:36:02,681 - logs… - INFO - 接口测试用例：test_api_01_02.py  ====== test  start ========
2020-05-07 15:36:02,690 - logs… - INFO - (200, {'errcode': 101, 'errmsg': '不存在的炉子编号11!'})
2020-05-07 15:36:02,690 - logs… - INFO - 请求码为： 200
2020-05-07 15:36:02,690 - logs… - INFO - errcode errmsg 字段存在
2020-05-07 15:36:02,690 - logs… - INFO - errcode = 101, errmsg == 不存在的炉子编号11! 
2020-05-07 15:36:02,690 - logs… - INFO - 接口测试用例：test_api_01_02.py  ====== test  end ========
2020-05-07 15:36:02,691 - logs… - INFO - 接口测试用例：test_api_01_03.py  ====== test  start ========
2020-05-07 15:36:02,702 - logs… - INFO - (200, {'errcode': 101, 'errmsg': '区域8在4号炉中不存在!'})
2020-05-07 15:36:02,702 - logs… - INFO - 请求码为： 200
2020-05-07 15:36:02,703 - logs… - INFO - errcode，errmsg 字段存在
2020-05-07 15:36:02,703 - logs… - INFO - self.data_text[1]['errcode/errmsg'] ,内容效验成功
2020-05-07 15:36:02,703 - logs… - INFO - 接口测试用例：test_api_01_03.py  ====== test  end ========
2020-05-07 15:36:02,703 - logs… - INFO - 接口测试用例：test_api_01_04.py  ====== test  start ========
2020-05-07 15:36:02,712 - logs… - INFO - (200, {'errcode': 101, 'errmsg': '不存在的炉子编号11!'})
2020-05-07 15:36:02,712 - logs… - INFO - 请求码为： 200
2020-05-07 15:36:02,712 - logs… - INFO - errcode , errmsg 字段存在
2020-05-07 15:36:02,712 - logs… - INFO - self.data_text[1]['errcode/errmsg'] ,内容效验成功
2020-05-07 15:36:02,712 - logs… - INFO - 接口测试用例：test_api_01_04.py  ====== test  end ========
2020-05-07 15:36:02,712 - logs… - INFO - 接口测试用例：test_api_01_05.py  ====== test  start ========
2020-05-07 15:36:02,721 - logs… - INFO - (200, {'errcode': 101, 'errmsg': '不存在的炉子编号0!'})
2020-05-07 15:36:02,721 - logs… - INFO - 请求码为： 200
2020-05-07 15:36:02,721 - logs… - INFO - errcode/errmsg 字段存在
2020-05-07 15:36:02,721 - logs… - INFO - self.data_text[1]['errcode/errmsg']内容效验成功
2020-05-07 15:36:02,721 - logs… - INFO - 接口测试用例：test_api_01_05.py  ====== test  end ========
2020-05-07 15:36:02,721 - logs… - INFO - 接口测试用例：test_api_01_06.py  ====== test  start ========
2020-05-07 15:36:02,730 - logs… - INFO - (200, {'errcode': 101, 'errmsg': '不存在的炉子编号aaa!'})
2020-05-07 15:36:02,730 - logs… - INFO - 请求码为： 200
2020-05-07 15:36:02,730 - logs… - INFO - errcode\errmsg字段存在
2020-05-07 15:36:02,731 - logs… - INFO - self.data_text[1]['errcode/errmsg']内容效验成功
2020-05-07 15:36:02,731 - logs… - INFO - 接口测试用例：test_api_01_06.py  ====== test  end ========
