2020-05-07 14:40:07,366 - logs… - INFO - D:\JRLJK_interfacetest
2020-05-07 14:40:07,366 - logs… - INFO - resultPathD:\JRLJK_interfacetest\report\report2020-05-07-14-40-07.html
2020-05-07 14:40:07,367 - logs… - INFO - caseListFileD:\JRLJK_interfacetest\caselist.txt
2020-05-07 14:40:07,367 - logs… - INFO - caseList[]
2020-05-07 14:40:07,427 - logs… - INFO - suite_module:[<unittest.suite.TestSuite tests=[<unittest.suite.TestSuite tests=[<unittest.suite.TestSuite tests=[<test_api_01_01.Test_api_01_01 testMethod=test_Case>]>]>]>]
2020-05-07 14:40:07,429 - logs… - INFO - suite_module:[<unittest.suite.TestSuite tests=[<unittest.suite.TestSuite tests=[<unittest.suite.TestSuite tests=[<test_api_01_01.Test_api_01_01 testMethod=test_Case>]>]>]>, <unittest.suite.TestSuite tests=[<unittest.suite.TestSuite tests=[<unittest.suite.TestSuite tests=[<test_api_01_02.Test_api_01_02 testMethod=test_Case>]>]>]>]
2020-05-07 14:40:07,431 - logs… - INFO - suite_module:[<unittest.suite.TestSuite tests=[<unittest.suite.TestSuite tests=[<unittest.suite.TestSuite tests=[<test_api_01_01.Test_api_01_01 testMethod=test_Case>]>]>]>, <unittest.suite.TestSuite tests=[<unittest.suite.TestSuite tests=[<unittest.suite.TestSuite tests=[<test_api_01_02.Test_api_01_02 testMethod=test_Case>]>]>]>, <unittest.suite.TestSuite tests=[]>]
2020-05-07 14:40:07,431 - logs… - INFO - try
2020-05-07 14:40:07,431 - logs… - INFO - <unittest.suite.TestSuite tests=[<unittest.suite.TestSuite tests=[<unittest.suite.TestSuite tests=[<test_api_01_01.Test_api_01_01 testMethod=test_Case>]>]>, <unittest.suite.TestSuite tests=[<unittest.suite.TestSuite tests=[<test_api_01_02.Test_api_01_02 testMethod=test_Case>]>]>]>
2020-05-07 14:40:07,431 - logs… - INFO - if-suit
2020-05-07 14:40:07,431 - logs… - INFO - <common.HTMLTestRunner.HTMLTestRunner object at 0x000001C491189F88>
2020-05-07 14:40:07,431 - logs… - INFO - 接口测试用例：test_api_01_01.py  ====== test  starts ========
2020-05-07 14:40:07,514 - logs… - INFO - (200, {'errcode': 0, 'data': {'furnaceNo': '2', 'areaNo': '5', 'status': 1, 'content': [[1588833608000, 0]], 'door_status': 1}})
2020-05-07 14:40:07,514 - logs… - INFO - code：200
2020-05-07 14:40:07,514 - logs… - INFO - errcode：0
2020-05-07 14:40:07,514 - logs… - INFO - furnaceNo：2
2020-05-07 14:40:07,514 - logs… - INFO - areaNo：5
2020-05-07 14:40:07,515 - logs… - INFO - 温度和时间不为空
2020-05-07 14:40:07,515 - logs… - INFO - len(temp_list) =2
2020-05-07 14:40:07,515 - logs… - INFO - 时间戳长度符合期望
2020-05-07 14:40:07,515 - logs… - INFO - type 符合期望 
2020-05-07 14:40:07,515 - logs… - INFO - time.struct_time(tm_year=2020, tm_mon=5, tm_mday=7, tm_hour=14, tm_min=40, tm_sec=8, tm_wday=3, tm_yday=128, tm_isdst=0)
2020-05-07 14:40:07,515 - logs… - INFO - <class 'time.struct_time'>
2020-05-07 14:40:07,515 - logs… - INFO - 时间戳符合期望
2020-05-07 14:40:07,515 - logs… - INFO - 接口测试用例：test_api_01_01.py  ====== test  end ========
2020-05-07 14:40:07,515 - logs… - INFO - 接口测试用例：test_api_01_02.py  ====== test  start ========
2020-05-07 14:40:07,526 - logs… - INFO - (200, {'errcode': 101, 'errmsg': '不存在的炉子编号11!'})
2020-05-07 14:40:07,526 - logs… - INFO - 请求码为： 200
2020-05-07 14:40:07,526 - logs… - INFO - errcode errmsg 字段存在
2020-05-07 14:40:07,526 - logs… - INFO - errcode = 101, errmsg == 不存在的炉子编号11! 
2020-05-07 14:40:07,526 - logs… - INFO - 接口测试用例：test_api_01_02.py  ====== test  end ========
