2020-05-09 11:15:28,480 - logs… - INFO - 接口测试用例：test_api_04_01.py  ======== test  start ========
2020-05-09 11:15:28,518 - logs… - INFO - (200, {'errcode': 0, 'data': {'furnaceNo': '3', 'areaNo': '4', 'status': 1, 'content': [[1587550387000, 24.3], [1587550390000, 24.3], [1587550400000, 24.2], [1587550410000, 24.1], [1587550421000, 24.3], [1587550431000, 24.2], [1587550440000, 24.5], [1587550450000, 24.4], [1587550460000, 24.4], [1587550470000, 24.5], [1587550480000, 24.3], [1587550490000, 24.3], [1587550500000, 24.4], [1587550510000, 24.5], [1587550520000, 24.4], [1587550531000, 24.4], [1587550540000, 24.5], [1587550550000, 24.5], [1587550560000, 24.4], [1587550570000, 24.4], [1587550580000, 24.3], [1587550590000, 24.5], [1587550600000, 24.5], [1587550610000, 24.3], [1587550620000, 24.5], [1587550630000, 24.3], [1587550640000, 24.5], [1587550650000, 24.3], [1587550660000, 24.6], [1587550670000, 24.4], [1587550680000, 24.4], [1587550690000, 24.3], [1587550700000, 24.4], [1587550711000, 24.4], [1587550720000, 24.5], [1587550730000, 24.4], [1587550740000, 24.4], [1587550749000, 24.3], [1587550759000, 24.3], [1587550769000, 24.3], [1587550780000, 24.4], [1587550790000, 24.5], [1587550801000, 24.4], [1587550811000, 24.3], [1587550820000, 24.4], [1587550830000, 24.4], [1587550840000, 24.3], [1587550849000, 24.3], [1587550860000, 24.4], [1587550869000, 24.3], [1587550880000, 24.4], [1587550890000, 24.4], [1587550900000, 24.3], [1587550910000, 24.3], [1587550921000, 24.3], [1587550930000, 24.2], [1587550940000, 24.2], [1587550951000, 24.2], [1587550960000, 24.3], [1587550970000, 24.4], [1587550980000, 24.4], [1587550991000, 24.3], [1587551000000, 24.4], [1587551010000, 24.3], [1587551021000, 24.4], [1587551030000, 24.3], [1587551040000, 24.3], [1587551050000, 24.2], [1587551060000, 24.3], [1587551070000, 24.3], [1587551081000, 24.2], [1587551090000, 24.2], [1587551101000, 24.3], [1587551110000, 24.2], [1587551120000, 24.1], [1587551130000, 24.2], [1587551140000, 24.1], [1587551150000, 24.2], [1587551160000, 24.2], [1587551170000, 24.0], [1587551180000, 24.1], [1587551190000, 24.1], [1587551200000, 24.3], [1587551210000, 24.1], [1587551220000, 24.2], [1587551230000, 24.2], [1587551240000, 24.1], [1587551250000, 24.0], [1587551260000, 24.1], [1587551270000, 24.0], [1587551280000, 24.0], [1587551289000, 23.9], [1587551299000, 24.0], [1587551310000, 24.0], [1587551320000, 24.1], [1587551329000, 24.0], [1587551340000, 24.0], [1587551349000, 24.0], [1587551360000, 24.0], [1587551370000, 24.0], [1587551380000, 24.1], [1587551389000, 23.7], [1587551400000, 24.0], [1587551410000, 23.9], [1587551420000, 23.9], [1587551430000, 24.0], [1587551440000, 23.9], [1587551449000, 24.1], [1587551460000, 24.0], [1587551470000, 23.9], [1587551479000, 24.0], [1587551489000, 24.1], [1587551500000, 23.9], [1587551510000, 23.7], [1587551520000, 23.9], [1587551530000, 24.0], [1587551540000, 23.9], [1587551550000, 23.9], [1587551560000, 23.9], [1587551569000, 23.9], [1587551581000, 23.7], [1587551591000, 23.9], [1587551600000, 23.9], [1587551609000, 23.8], [1587551620000, 23.6], [1587551631000, 24.0], [1587551640000, 23.8], [1587551650000, 23.9], [1587551660000, 23.8], [1587551671000, 23.9], [1587551680000, 23.8], [1587551690000, 24.0], [1587551701000, 24.2], [1587551710000, 23.8], [1587551720000, 24.0], [1587551730000, 23.9], [1587551740000, 24.1], [1587551750000, 23.8], [1587551760000, 23.9], [1587551771000, 23.7], [1587551781000, 23.8], [1587551790000, 23.9], [1587551799000, 23.9], [1587551810000, 24.0], [1587551821000, 23.9], [1587551829000, 23.9], [1587551839000, 24.0], [1587551851000, 23.9], [1587551860000, 23.9], [1587551870000, 23.8], [1587551880000, 23.9], [1587551890000, 24.0], [1587551901000, 23.7], [1587551909000, 24.0], [1587551920000, 23.8], [1587551931000, 23.8], [1587551940000, 23.8], [1587551951000, 23.7], [1587551960000, 23.7], [1587551970000, 23.7], [1587551980000, 23.8], [1587551990000, 24.0], [1587554075000, 23.0], [1587554085000, 23.0], [1587554095000, 22.9], [1587554104000, 23.0], [1587554114000, 23.0], [1587554125000, 23.0], [1587554134000, 23.1], [1587554144000, 23.1], [1587554154000, 23.0], [1587554165000, 22.9], [1587554175000, 23.2], [1587554185000, 22.9], [1587554195000, 23.0], [1587554205000, 22.9], [1587554215000, 22.9], [1587554224000, 23.0], [1587554235000, 22.9], [1587554244000, 22.8], [1587554255000, 22.8], [1587554264000, 23.0], [1587554275000, 23.0], [1587554285000, 23.0], [1587554295000, 22.7], [1587554305000, 23.0], [1587554314000, 22.9], [1587554325000, 22.9], [1587554335000, 22.7], [1587554344000, 22.8], [1587554355000, 22.8], [1587554364000, 22.7], [1587554375000, 22.8], [1587554385000, 22.8], [1587554395000, 22.7], [1587554405000, 22.7], [1587554415000, 23.0], [1587554425000, 22.8], [1587554435000, 22.7], [1587554445000, 22.8], [1587554454000, 22.7], [1587554465000, 22.7], [1587554475000, 22.8], [1587554485000, 22.7], [1587554495000, 22.8], [1587554504000, 22.7], [1587554515000, 22.6], [1587554525000, 22.6], [1587554535000, 22.6], [1587554544000, 22.8], [1587554555000, 22.8], [1587554565000, 22.8], [1587554575000, 22.5], [1587554585000, 22.6], [1587554595000, 22.6], [1587554604000, 22.6], [1587554614000, 22.5], [1587554625000, 22.6], [1587554635000, 22.5], [1587554645000, 22.6], [1587554655000, 22.7], [1587554664000, 22.8], [1587554675000, 22.5], [1587554685000, 22.6], [1587554694000, 22.7], [1587554705000, 22.6], [1587554715000, 22.6], [1587554725000, 22.5], [1587554735000, 22.5], [1587554744000, 22.5], [1587554755000, 22.7], [1587554765000, 22.6], [1587554775000, 22.6], [1587554784000, 22.5], [1587554795000, 22.5], [1587554805000, 22.6], [1587554815000, 22.5], [1587554825000, 22.5], [1587554835000, 22.5], [1587554845000, 22.5], [1587554855000, 22.5], [1587554865000, 22.4], [1587554875000, 22.5], [1587554885000, 22.6], [1587554894000, 22.3], [1587554905000, 22.6], [1587554914000, 22.5], [1587554925000, 22.5], [1587554935000, 22.4], [1587554945000, 22.5], [1587554955000, 22.4], [1587554965000, 22.4], [1587554985000, 22.3], [1587554995000, 22.3], [1587555005000, 22.5], [1587555014000, 22.4], [1587555025000, 22.3], [1587555035000, 22.4], [1587555045000, 22.4], [1587555055000, 22.3], [1587555065000, 22.4], [1587555075000, 22.3], [1587555085000, 22.5], [1587555094000, 22.4], [1587555105000, 22.6], [1587555115000, 22.4], [1587555125000, 22.4], [1587555135000, 22.3], [1587555145000, 22.4], [1587555155000, 22.4], [1587555165000, 22.3], [1587555175000, 22.3], [1587555185000, 22.3], [1587555195000, 22.4], [1587555205000, 22.3], [1587555215000, 22.4], [1587555225000, 22.4], [1587555235000, 22.4], [1587555245000, 22.4], [1587555255000, 22.4], [1587555264000, 22.3], [1587555275000, 22.2], [1587555284000, 22.4], [1587555295000, 22.4], [1587555305000, 22.4], [1587555314000, 22.3], [1587555325000, 22.3], [1587555334000, 22.2], [1587555345000, 22.5], [1587555355000, 22.2], [1587555365000, 22.4], [1587555375000, 22.4], [1587555385000, 22.1], [1587555395000, 22.2], [1587555405000, 22.2], [1587555415000, 22.3], [1587555425000, 22.2], [1587555435000, 22.4], [1587555445000, 22.2], [1587555455000, 22.2], [1587555464000, 22.3], [1587555474000, 22.2], [1587555484000, 22.3], [1587555494000, 22.2], [1587555505000, 22.2], [1587555515000, 22.4], [1587555525000, 22.4], [1587555534000, 22.2], [1587555545000, 22.4], [1587555555000, 22.0], [1587555565000, 22.0], [1587555574000, 22.1], [1587555585000, 22.2], [1587555594000, 22.2], [1587555605000, 22.2], [1587555614000, 22.3], [1587555624000, 22.2], [1587555635000, 21.9], [1587555645000, 22.3], [1587555655000, 22.3], [1587555665000, 22.4], [1587555675000, 22.1], [1587555684000, 22.1], [1587555695000, 22.2], [1587555705000, 22.4], [1587555714000, 22.3], [1587555725000, 22.3], [1587555735000, 22.3], [1587555745000, 22.0], [1587555755000, 22.2], [1587555764000, 22.2], [1587555775000, 22.2], [1587555785000, 22.2], [1587555795000, 22.0], [1587555805000, 22.2], [1587555815000, 22.0], [1587555825000, 22.2], [1587555835000, 22.1], [1587555845000, 22.1], [1587555855000, 22.0], [1587555864000, 22.1], [1587555874000, 22.1], [1587555885000, 22.1], [1587555894000, 22.2], [1587555905000, 22.1], [1587555915000, 22.1], [1587555925000, 22.1], [1587555935000, 22.2], [1587555945000, 22.2], [1587555955000, 22.2], [1587555964000, 22.0], [1587555974000, 22.1], [1587555985000, 22.2], [1587555994000, 21.9], [1587556005000, 22.0], [1587556015000, 22.2], [1587556025000, 22.1], [1587556035000, 21.9], [1587556045000, 21.9], [1587556055000, 21.9], [1587556065000, 22.1], [1587556075000, 22.0], [1587556085000, 21.9], [1587556095000, 22.1], [1587556105000, 22.0], [1587556115000, 22.0], [1587556124000, 21.9], [1587556134000, 22.1], [1587556144000, 21.9], [1587556155000, 22.0], [1587556165000, 22.0], [1587556175000, 21.9], [1587556185000, 22.2], [1587556195000, 22.1], [1587556205000, 21.8], [1587556215000, 22.0], [1587556224000, 22.1], [1587556235000, 22.1], [1587556245000, 22.1], [1587556254000, 22.0], [1587556264000, 22.1], [1587556274000, 22.0], [1587556285000, 22.0], [1587556294000, 22.1], [1587556305000, 22.0], [1587556315000, 22.0], [1587556325000, 21.9], [1587556335000, 22.0], [1587556344000, 22.1], [1587556355000, 22.0], [1587556365000, 22.2], [1587556375000, 21.9], [1587556385000, 22.0], [1587556395000, 21.9], [1587556405000, 21.9], [1587556414000, 22.0], [1587556425000, 21.9], [1587556435000, 21.9], [1587556445000, 21.9], [1587556454000, 22.0], [1587556465000, 22.0], [1587556475000, 22.0], [1587556484000, 22.0], [1587556495000, 21.9], [1587556505000, 21.9], [1587556515000, 22.0], [1587556525000, 21.9], [1587556535000, 22.0], [1587556545000, 21.9], [1587556554000, 22.0], [1587556565000, 22.0], [1587556575000, 21.9], [1587556585000, 21.9], [1587556595000, 21.9], [1587556605000, 21.8], [1587556615000, 21.9], [1587556625000, 21.9], [1587556635000, 21.8], [1587556645000, 22.0], [1587556655000, 21.8], [1587556665000, 21.9], [1587556675000, 21.9], [1587556685000, 22.0], [1587556695000, 21.9], [1587556705000, 21.9], [1587556715000, 21.9], [1587556725000, 21.8], [1587556734000, 21.9], [1587556745000, 21.9], [1587556755000, 21.9], [1587556765000, 21.8], [1587556774000, 21.8], [1587556784000, 21.8], [1587556795000, 21.7]], 'furnace_count': 10, 'area_count': '6', 'door_status': 1, 'target_temp': 1200}})
2020-05-09 11:15:28,521 - logs… - INFO - 请求码为： 200
2020-05-09 11:15:28,521 - logs… - INFO - errcode/data  字段存在
2020-05-09 11:15:28,521 - logs… - INFO - errcode  == 0
2020-05-09 11:15:28,521 - logs… - INFO - 炉编号和区域编号验证成功
2020-05-09 11:15:28,521 - logs… - INFO - 当前温度时间列表长度为2
2020-05-09 11:15:28,521 - logs… - INFO - 区域时间戳长度符合期望0
2020-05-09 11:15:28,521 - logs… - INFO - 区域温度和时间 type 符合期望 
2020-05-09 11:15:28,521 - logs… - INFO - 当前温度时间列表长度为2
2020-05-09 11:15:28,521 - logs… - INFO - 区域时间戳长度符合期望1
2020-05-09 11:15:28,521 - logs… - INFO - 区域温度和时间 type 符合期望 
2020-05-09 11:15:28,521 - logs… - INFO - 当前温度时间列表长度为2
2020-05-09 11:15:28,521 - logs… - INFO - 区域时间戳长度符合期望2
2020-05-09 11:15:28,521 - logs… - INFO - 区域温度和时间 type 符合期望 
2020-05-09 11:15:28,521 - logs… - INFO - 当前温度时间列表长度为2
2020-05-09 11:15:28,522 - logs… - INFO - 区域时间戳长度符合期望3
2020-05-09 11:15:28,522 - logs… - INFO - 区域温度和时间 type 符合期望 
2020-05-09 11:15:28,522 - logs… - INFO - 当前温度时间列表长度为2
2020-05-09 11:15:28,522 - logs… - INFO - 区域时间戳长度符合期望4
2020-05-09 11:15:28,522 - logs… - INFO - 区域温度和时间 type 符合期望 
2020-05-09 11:15:28,522 - logs… - INFO - 当前温度时间列表长度为2
2020-05-09 11:15:28,522 - logs… - INFO - 区域时间戳长度符合期望5
2020-05-09 11:15:28,522 - logs… - INFO - 区域温度和时间 type 符合期望 
2020-05-09 11:15:28,522 - logs… - INFO - 当前温度时间列表长度为2
2020-05-09 11:15:28,522 - logs… - INFO - 区域时间戳长度符合期望6
2020-05-09 11:15:28,522 - logs… - INFO - 区域温度和时间 type 符合期望 
2020-05-09 11:15:28,522 - logs… - INFO - 当前温度时间列表长度为2
2020-05-09 11:15:28,522 - logs… - INFO - 区域时间戳长度符合期望7
2020-05-09 11:15:28,522 - logs… - INFO - 区域温度和时间 type 符合期望 
2020-05-09 11:15:28,522 - logs… - INFO - 当前温度时间列表长度为2
2020-05-09 11:15:28,523 - logs… - INFO - 区域时间戳长度符合期望8
2020-05-09 11:15:28,523 - logs… - INFO - 区域温度和时间 type 符合期望 
2020-05-09 11:15:28,523 - logs… - INFO - 当前温度时间列表长度为2
2020-05-09 11:15:28,523 - logs… - INFO - 区域时间戳长度符合期望9
2020-05-09 11:15:28,523 - logs… - INFO - 区域温度和时间 type 符合期望 
2020-05-09 11:15:28,523 - logs… - INFO - 当前温度时间列表长度为2
2020-05-09 11:15:28,523 - logs… - INFO - 区域时间戳长度符合期望10
2020-05-09 11:15:28,523 - logs… - INFO - 区域温度和时间 type 符合期望 
2020-05-09 11:15:28,523 - logs… - INFO - 当前温度时间列表长度为2
2020-05-09 11:15:28,523 - logs… - INFO - 区域时间戳长度符合期望11
2020-05-09 11:15:28,523 - logs… - INFO - 区域温度和时间 type 符合期望 
2020-05-09 11:15:28,523 - logs… - INFO - 当前温度时间列表长度为2
2020-05-09 11:15:28,523 - logs… - INFO - 区域时间戳长度符合期望12
2020-05-09 11:15:28,523 - logs… - INFO - 区域温度和时间 type 符合期望 
2020-05-09 11:15:28,523 - logs… - INFO - 当前温度时间列表长度为2
2020-05-09 11:15:28,524 - logs… - INFO - 区域时间戳长度符合期望13
2020-05-09 11:15:28,524 - logs… - INFO - 区域温度和时间 type 符合期望 
2020-05-09 11:15:28,524 - logs… - INFO - 当前温度时间列表长度为2
2020-05-09 11:15:28,524 - logs… - INFO - 区域时间戳长度符合期望14
2020-05-09 11:15:28,524 - logs… - INFO - 区域温度和时间 type 符合期望 
2020-05-09 11:15:28,524 - logs… - INFO - 当前温度时间列表长度为2
2020-05-09 11:15:28,524 - logs… - INFO - 区域时间戳长度符合期望15
2020-05-09 11:15:28,524 - logs… - INFO - 区域温度和时间 type 符合期望 
2020-05-09 11:15:28,524 - logs… - INFO - 当前温度时间列表长度为2
2020-05-09 11:15:28,525 - logs… - INFO - 区域时间戳长度符合期望16
2020-05-09 11:15:28,525 - logs… - INFO - 区域温度和时间 type 符合期望 
2020-05-09 11:15:28,525 - logs… - INFO - 当前温度时间列表长度为2
2020-05-09 11:15:28,525 - logs… - INFO - 区域时间戳长度符合期望17
2020-05-09 11:15:28,525 - logs… - INFO - 区域温度和时间 type 符合期望 
2020-05-09 11:15:28,525 - logs… - INFO - 当前温度时间列表长度为2
2020-05-09 11:15:28,525 - logs… - INFO - 区域时间戳长度符合期望18
2020-05-09 11:15:28,525 - logs… - INFO - 区域温度和时间 type 符合期望 
2020-05-09 11:15:28,525 - logs… - INFO - 当前温度时间列表长度为2
2020-05-09 11:15:28,525 - logs… - INFO - 区域时间戳长度符合期望19
2020-05-09 11:15:28,525 - logs… - INFO - 区域温度和时间 type 符合期望 
2020-05-09 11:15:28,525 - logs… - INFO - 当前温度时间列表长度为2
2020-05-09 11:15:28,525 - logs… - INFO - 区域时间戳长度符合期望20
2020-05-09 11:15:28,525 - logs… - INFO - 区域温度和时间 type 符合期望 
2020-05-09 11:15:28,525 - logs… - INFO - 当前温度时间列表长度为2
2020-05-09 11:15:28,525 - logs… - INFO - 区域时间戳长度符合期望21
2020-05-09 11:15:28,526 - logs… - INFO - 区域温度和时间 type 符合期望 
2020-05-09 11:15:28,526 - logs… - INFO - 当前温度时间列表长度为2
2020-05-09 11:15:28,526 - logs… - INFO - 区域时间戳长度符合期望22
2020-05-09 11:15:28,526 - logs… - INFO - 区域温度和时间 type 符合期望 
2020-05-09 11:15:28,526 - logs… - INFO - 当前温度时间列表长度为2
2020-05-09 11:15:28,526 - logs… - INFO - 区域时间戳长度符合期望23
2020-05-09 11:15:28,526 - logs… - INFO - 区域温度和时间 type 符合期望 
2020-05-09 11:15:28,526 - logs… - INFO - 当前温度时间列表长度为2
2020-05-09 11:15:28,526 - logs… - INFO - 区域时间戳长度符合期望24
2020-05-09 11:15:28,526 - logs… - INFO - 区域温度和时间 type 符合期望 
2020-05-09 11:15:28,526 - logs… - INFO - 当前温度时间列表长度为2
2020-05-09 11:15:28,526 - logs… - INFO - 区域时间戳长度符合期望25
2020-05-09 11:15:28,526 - logs… - INFO - 区域温度和时间 type 符合期望 
2020-05-09 11:15:28,526 - logs… - INFO - 当前温度时间列表长度为2
2020-05-09 11:15:28,526 - logs… - INFO - 区域时间戳长度符合期望26
2020-05-09 11:15:28,526 - logs… - INFO - 区域温度和时间 type 符合期望 
2020-05-09 11:15:28,527 - logs… - INFO - 当前温度时间列表长度为2
2020-05-09 11:15:28,527 - logs… - INFO - 区域时间戳长度符合期望27
2020-05-09 11:15:28,527 - logs… - INFO - 区域温度和时间 type 符合期望 
2020-05-09 11:15:28,527 - logs… - INFO - 当前温度时间列表长度为2
2020-05-09 11:15:28,527 - logs… - INFO - 区域时间戳长度符合期望28
2020-05-09 11:15:28,527 - logs… - INFO - 区域温度和时间 type 符合期望 
2020-05-09 11:15:28,527 - logs… - INFO - 当前温度时间列表长度为2
2020-05-09 11:15:28,527 - logs… - INFO - 区域时间戳长度符合期望29
2020-05-09 11:15:28,527 - logs… - INFO - 区域温度和时间 type 符合期望 
2020-05-09 11:15:28,527 - logs… - INFO - 当前温度时间列表长度为2
2020-05-09 11:15:28,527 - logs… - INFO - 区域时间戳长度符合期望30
2020-05-09 11:15:28,527 - logs… - INFO - 区域温度和时间 type 符合期望 
2020-05-09 11:15:28,527 - logs… - INFO - 当前温度时间列表长度为2
2020-05-09 11:15:28,527 - logs… - INFO - 区域时间戳长度符合期望31
2020-05-09 11:15:28,527 - logs… - INFO - 区域温度和时间 type 符合期望 
2020-05-09 11:15:28,527 - logs… - INFO - 当前温度时间列表长度为2
2020-05-09 11:15:28,527 - logs… - INFO - 区域时间戳长度符合期望32
2020-05-09 11:15:28,528 - logs… - INFO - 区域温度和时间 type 符合期望 
2020-05-09 11:15:28,528 - logs… - INFO - 当前温度时间列表长度为2
2020-05-09 11:15:28,528 - logs… - INFO - 区域时间戳长度符合期望33
2020-05-09 11:15:28,528 - logs… - INFO - 区域温度和时间 type 符合期望 
2020-05-09 11:15:28,528 - logs… - INFO - 当前温度时间列表长度为2
2020-05-09 11:15:28,528 - logs… - INFO - 区域时间戳长度符合期望34
2020-05-09 11:15:28,528 - logs… - INFO - 区域温度和时间 type 符合期望 
2020-05-09 11:15:28,528 - logs… - INFO - 当前温度时间列表长度为2
2020-05-09 11:15:28,528 - logs… - INFO - 区域时间戳长度符合期望35
2020-05-09 11:15:28,528 - logs… - INFO - 区域温度和时间 type 符合期望 
2020-05-09 11:15:28,528 - logs… - INFO - 当前温度时间列表长度为2
2020-05-09 11:15:28,528 - logs… - INFO - 区域时间戳长度符合期望36
2020-05-09 11:15:28,528 - logs… - INFO - 区域温度和时间 type 符合期望 
2020-05-09 11:15:28,528 - logs… - INFO - 当前温度时间列表长度为2
2020-05-09 11:15:28,528 - logs… - INFO - 区域时间戳长度符合期望37
2020-05-09 11:15:28,528 - logs… - INFO - 区域温度和时间 type 符合期望 
2020-05-09 11:15:28,529 - logs… - INFO - 当前温度时间列表长度为2
2020-05-09 11:15:28,529 - logs… - INFO - 区域时间戳长度符合期望38
2020-05-09 11:15:28,529 - logs… - INFO - 区域温度和时间 type 符合期望 
2020-05-09 11:15:28,529 - logs… - INFO - 当前温度时间列表长度为2
2020-05-09 11:15:28,529 - logs… - INFO - 区域时间戳长度符合期望39
2020-05-09 11:15:28,529 - logs… - INFO - 区域温度和时间 type 符合期望 
2020-05-09 11:15:28,529 - logs… - INFO - 当前温度时间列表长度为2
2020-05-09 11:15:28,529 - logs… - INFO - 区域时间戳长度符合期望40
2020-05-09 11:15:28,529 - logs… - INFO - 区域温度和时间 type 符合期望 
2020-05-09 11:15:28,529 - logs… - INFO - 当前温度时间列表长度为2
2020-05-09 11:15:28,529 - logs… - INFO - 区域时间戳长度符合期望41
2020-05-09 11:15:28,529 - logs… - INFO - 区域温度和时间 type 符合期望 
2020-05-09 11:15:28,529 - logs… - INFO - 当前温度时间列表长度为2
2020-05-09 11:15:28,529 - logs… - INFO - 区域时间戳长度符合期望42
2020-05-09 11:15:28,529 - logs… - INFO - 区域温度和时间 type 符合期望 
2020-05-09 11:15:28,529 - logs… - INFO - 当前温度时间列表长度为2
2020-05-09 11:15:28,530 - logs… - INFO - 区域时间戳长度符合期望43
2020-05-09 11:15:28,530 - logs… - INFO - 区域温度和时间 type 符合期望 
2020-05-09 11:15:28,530 - logs… - INFO - 当前温度时间列表长度为2
2020-05-09 11:15:28,530 - logs… - INFO - 区域时间戳长度符合期望44
2020-05-09 11:15:28,530 - logs… - INFO - 区域温度和时间 type 符合期望 
2020-05-09 11:15:28,530 - logs… - INFO - 当前温度时间列表长度为2
2020-05-09 11:15:28,530 - logs… - INFO - 区域时间戳长度符合期望45
2020-05-09 11:15:28,530 - logs… - INFO - 区域温度和时间 type 符合期望 
2020-05-09 11:15:28,530 - logs… - INFO - 当前温度时间列表长度为2
2020-05-09 11:15:28,530 - logs… - INFO - 区域时间戳长度符合期望46
2020-05-09 11:15:28,530 - logs… - INFO - 区域温度和时间 type 符合期望 
2020-05-09 11:15:28,530 - logs… - INFO - 当前温度时间列表长度为2
2020-05-09 11:15:28,530 - logs… - INFO - 区域时间戳长度符合期望47
2020-05-09 11:15:28,530 - logs… - INFO - 区域温度和时间 type 符合期望 
2020-05-09 11:15:28,530 - logs… - INFO - 当前温度时间列表长度为2
2020-05-09 11:15:28,530 - logs… - INFO - 区域时间戳长度符合期望48
2020-05-09 11:15:28,530 - logs… - INFO - 区域温度和时间 type 符合期望 
2020-05-09 11:15:28,531 - logs… - INFO - 当前温度时间列表长度为2
2020-05-09 11:15:28,531 - logs… - INFO - 区域时间戳长度符合期望49
2020-05-09 11:15:28,531 - logs… - INFO - 区域温度和时间 type 符合期望 
2020-05-09 11:15:28,531 - logs… - INFO - 当前温度时间列表长度为2
2020-05-09 11:15:28,531 - logs… - INFO - 区域时间戳长度符合期望50
2020-05-09 11:15:28,531 - logs… - INFO - 区域温度和时间 type 符合期望 
2020-05-09 11:15:28,531 - logs… - INFO - 当前温度时间列表长度为2
2020-05-09 11:15:28,531 - logs… - INFO - 区域时间戳长度符合期望51
2020-05-09 11:15:28,531 - logs… - INFO - 区域温度和时间 type 符合期望 
2020-05-09 11:15:28,531 - logs… - INFO - 当前温度时间列表长度为2
2020-05-09 11:15:28,531 - logs… - INFO - 区域时间戳长度符合期望52
2020-05-09 11:15:28,531 - logs… - INFO - 区域温度和时间 type 符合期望 
2020-05-09 11:15:28,531 - logs… - INFO - 当前温度时间列表长度为2
2020-05-09 11:15:28,531 - logs… - INFO - 区域时间戳长度符合期望53
2020-05-09 11:15:28,531 - logs… - INFO - 区域温度和时间 type 符合期望 
2020-05-09 11:15:28,531 - logs… - INFO - 当前温度时间列表长度为2
2020-05-09 11:15:28,532 - logs… - INFO - 区域时间戳长度符合期望54
2020-05-09 11:15:28,532 - logs… - INFO - 区域温度和时间 type 符合期望 
2020-05-09 11:15:28,532 - logs… - INFO - 当前温度时间列表长度为2
2020-05-09 11:15:28,532 - logs… - INFO - 区域时间戳长度符合期望55
2020-05-09 11:15:28,532 - logs… - INFO - 区域温度和时间 type 符合期望 
2020-05-09 11:15:28,532 - logs… - INFO - 当前温度时间列表长度为2
2020-05-09 11:15:28,532 - logs… - INFO - 区域时间戳长度符合期望56
2020-05-09 11:15:28,532 - logs… - INFO - 区域温度和时间 type 符合期望 
2020-05-09 11:15:28,532 - logs… - INFO - 当前温度时间列表长度为2
2020-05-09 11:15:28,532 - logs… - INFO - 区域时间戳长度符合期望57
2020-05-09 11:15:28,532 - logs… - INFO - 区域温度和时间 type 符合期望 
2020-05-09 11:15:28,532 - logs… - INFO - 当前温度时间列表长度为2
2020-05-09 11:15:28,532 - logs… - INFO - 区域时间戳长度符合期望58
2020-05-09 11:15:28,532 - logs… - INFO - 区域温度和时间 type 符合期望 
2020-05-09 11:15:28,532 - logs… - INFO - 当前温度时间列表长度为2
2020-05-09 11:15:28,532 - logs… - INFO - 区域时间戳长度符合期望59
2020-05-09 11:15:28,533 - logs… - INFO - 区域温度和时间 type 符合期望 
2020-05-09 11:15:28,533 - logs… - INFO - 当前温度时间列表长度为2
2020-05-09 11:15:28,533 - logs… - INFO - 区域时间戳长度符合期望60
2020-05-09 11:15:28,533 - logs… - INFO - 区域温度和时间 type 符合期望 
2020-05-09 11:15:28,533 - logs… - INFO - 当前温度时间列表长度为2
2020-05-09 11:15:28,533 - logs… - INFO - 区域时间戳长度符合期望61
2020-05-09 11:15:28,533 - logs… - INFO - 区域温度和时间 type 符合期望 
2020-05-09 11:15:28,533 - logs… - INFO - 当前温度时间列表长度为2
2020-05-09 11:15:28,533 - logs… - INFO - 区域时间戳长度符合期望62
2020-05-09 11:15:28,533 - logs… - INFO - 区域温度和时间 type 符合期望 
2020-05-09 11:15:28,533 - logs… - INFO - 当前温度时间列表长度为2
2020-05-09 11:15:28,533 - logs… - INFO - 区域时间戳长度符合期望63
2020-05-09 11:15:28,533 - logs… - INFO - 区域温度和时间 type 符合期望 
2020-05-09 11:15:28,533 - logs… - INFO - 当前温度时间列表长度为2
2020-05-09 11:15:28,533 - logs… - INFO - 区域时间戳长度符合期望64
2020-05-09 11:15:28,533 - logs… - INFO - 区域温度和时间 type 符合期望 
2020-05-09 11:15:28,534 - logs… - INFO - 当前温度时间列表长度为2
2020-05-09 11:15:28,534 - logs… - INFO - 区域时间戳长度符合期望65
2020-05-09 11:15:28,534 - logs… - INFO - 区域温度和时间 type 符合期望 
2020-05-09 11:15:28,534 - logs… - INFO - 当前温度时间列表长度为2
2020-05-09 11:15:28,534 - logs… - INFO - 区域时间戳长度符合期望66
2020-05-09 11:15:28,534 - logs… - INFO - 区域温度和时间 type 符合期望 
2020-05-09 11:15:28,534 - logs… - INFO - 当前温度时间列表长度为2
2020-05-09 11:15:28,534 - logs… - INFO - 区域时间戳长度符合期望67
2020-05-09 11:15:28,534 - logs… - INFO - 区域温度和时间 type 符合期望 
2020-05-09 11:15:28,534 - logs… - INFO - 当前温度时间列表长度为2
2020-05-09 11:15:28,534 - logs… - INFO - 区域时间戳长度符合期望68
2020-05-09 11:15:28,534 - logs… - INFO - 区域温度和时间 type 符合期望 
2020-05-09 11:15:28,534 - logs… - INFO - 当前温度时间列表长度为2
2020-05-09 11:15:28,534 - logs… - INFO - 区域时间戳长度符合期望69
2020-05-09 11:15:28,534 - logs… - INFO - 区域温度和时间 type 符合期望 
2020-05-09 11:15:28,534 - logs… - INFO - 当前温度时间列表长度为2
2020-05-09 11:15:28,534 - logs… - INFO - 区域时间戳长度符合期望70
2020-05-09 11:15:28,535 - logs… - INFO - 区域温度和时间 type 符合期望 
2020-05-09 11:15:28,535 - logs… - INFO - 当前温度时间列表长度为2
2020-05-09 11:15:28,535 - logs… - INFO - 区域时间戳长度符合期望71
2020-05-09 11:15:28,535 - logs… - INFO - 区域温度和时间 type 符合期望 
2020-05-09 11:15:28,535 - logs… - INFO - 当前温度时间列表长度为2
2020-05-09 11:15:28,535 - logs… - INFO - 区域时间戳长度符合期望72
2020-05-09 11:15:28,535 - logs… - INFO - 区域温度和时间 type 符合期望 
2020-05-09 11:15:28,535 - logs… - INFO - 当前温度时间列表长度为2
2020-05-09 11:15:28,535 - logs… - INFO - 区域时间戳长度符合期望73
2020-05-09 11:15:28,535 - logs… - INFO - 区域温度和时间 type 符合期望 
2020-05-09 11:15:28,535 - logs… - INFO - 当前温度时间列表长度为2
2020-05-09 11:15:28,535 - logs… - INFO - 区域时间戳长度符合期望74
2020-05-09 11:15:28,535 - logs… - INFO - 区域温度和时间 type 符合期望 
2020-05-09 11:15:28,535 - logs… - INFO - 当前温度时间列表长度为2
2020-05-09 11:15:28,535 - logs… - INFO - 区域时间戳长度符合期望75
2020-05-09 11:15:28,535 - logs… - INFO - 区域温度和时间 type 符合期望 
2020-05-09 11:15:28,536 - logs… - INFO - 当前温度时间列表长度为2
2020-05-09 11:15:28,536 - logs… - INFO - 区域时间戳长度符合期望76
2020-05-09 11:15:28,536 - logs… - INFO - 区域温度和时间 type 符合期望 
2020-05-09 11:15:28,536 - logs… - INFO - 当前温度时间列表长度为2
2020-05-09 11:15:28,536 - logs… - INFO - 区域时间戳长度符合期望77
2020-05-09 11:15:28,536 - logs… - INFO - 区域温度和时间 type 符合期望 
2020-05-09 11:15:28,536 - logs… - INFO - 当前温度时间列表长度为2
2020-05-09 11:15:28,536 - logs… - INFO - 区域时间戳长度符合期望78
2020-05-09 11:15:28,536 - logs… - INFO - 区域温度和时间 type 符合期望 
2020-05-09 11:15:28,536 - logs… - INFO - 当前温度时间列表长度为2
2020-05-09 11:15:28,536 - logs… - INFO - 区域时间戳长度符合期望79
2020-05-09 11:15:28,536 - logs… - INFO - 区域温度和时间 type 符合期望 
2020-05-09 11:15:28,536 - logs… - INFO - 当前温度时间列表长度为2
2020-05-09 11:15:28,536 - logs… - INFO - 区域时间戳长度符合期望80
2020-05-09 11:15:28,536 - logs… - INFO - 区域温度和时间 type 符合期望 
2020-05-09 11:15:28,536 - logs… - INFO - 当前温度时间列表长度为2
2020-05-09 11:15:28,537 - logs… - INFO - 区域时间戳长度符合期望81
2020-05-09 11:15:28,537 - logs… - INFO - 区域温度和时间 type 符合期望 
2020-05-09 11:15:28,537 - logs… - INFO - 当前温度时间列表长度为2
2020-05-09 11:15:28,537 - logs… - INFO - 区域时间戳长度符合期望82
2020-05-09 11:15:28,537 - logs… - INFO - 区域温度和时间 type 符合期望 
2020-05-09 11:15:28,537 - logs… - INFO - 当前温度时间列表长度为2
2020-05-09 11:15:28,537 - logs… - INFO - 区域时间戳长度符合期望83
2020-05-09 11:15:28,537 - logs… - INFO - 区域温度和时间 type 符合期望 
2020-05-09 11:15:28,537 - logs… - INFO - 当前温度时间列表长度为2
2020-05-09 11:15:28,537 - logs… - INFO - 区域时间戳长度符合期望84
2020-05-09 11:15:28,537 - logs… - INFO - 区域温度和时间 type 符合期望 
2020-05-09 11:15:28,537 - logs… - INFO - 当前温度时间列表长度为2
2020-05-09 11:15:28,537 - logs… - INFO - 区域时间戳长度符合期望85
2020-05-09 11:15:28,537 - logs… - INFO - 区域温度和时间 type 符合期望 
2020-05-09 11:15:28,537 - logs… - INFO - 当前温度时间列表长度为2
2020-05-09 11:15:28,537 - logs… - INFO - 区域时间戳长度符合期望86
2020-05-09 11:15:28,537 - logs… - INFO - 区域温度和时间 type 符合期望 
2020-05-09 11:15:28,538 - logs… - INFO - 当前温度时间列表长度为2
2020-05-09 11:15:28,538 - logs… - INFO - 区域时间戳长度符合期望87
2020-05-09 11:15:28,538 - logs… - INFO - 区域温度和时间 type 符合期望 
2020-05-09 11:15:28,538 - logs… - INFO - 当前温度时间列表长度为2
2020-05-09 11:15:28,538 - logs… - INFO - 区域时间戳长度符合期望88
2020-05-09 11:15:28,538 - logs… - INFO - 区域温度和时间 type 符合期望 
2020-05-09 11:15:28,538 - logs… - INFO - 当前温度时间列表长度为2
2020-05-09 11:15:28,538 - logs… - INFO - 区域时间戳长度符合期望89
2020-05-09 11:15:28,538 - logs… - INFO - 区域温度和时间 type 符合期望 
2020-05-09 11:15:28,538 - logs… - INFO - 当前温度时间列表长度为2
2020-05-09 11:15:28,538 - logs… - INFO - 区域时间戳长度符合期望90
2020-05-09 11:15:28,538 - logs… - INFO - 区域温度和时间 type 符合期望 
2020-05-09 11:15:28,538 - logs… - INFO - 当前温度时间列表长度为2
2020-05-09 11:15:28,538 - logs… - INFO - 区域时间戳长度符合期望91
2020-05-09 11:15:28,538 - logs… - INFO - 区域温度和时间 type 符合期望 
2020-05-09 11:15:28,538 - logs… - INFO - 当前温度时间列表长度为2
2020-05-09 11:15:28,539 - logs… - INFO - 区域时间戳长度符合期望92
2020-05-09 11:15:28,539 - logs… - INFO - 区域温度和时间 type 符合期望 
2020-05-09 11:15:28,539 - logs… - INFO - 当前温度时间列表长度为2
2020-05-09 11:15:28,539 - logs… - INFO - 区域时间戳长度符合期望93
2020-05-09 11:15:28,539 - logs… - INFO - 区域温度和时间 type 符合期望 
2020-05-09 11:15:28,539 - logs… - INFO - 当前温度时间列表长度为2
2020-05-09 11:15:28,539 - logs… - INFO - 区域时间戳长度符合期望94
2020-05-09 11:15:28,539 - logs… - INFO - 区域温度和时间 type 符合期望 
2020-05-09 11:15:28,539 - logs… - INFO - 当前温度时间列表长度为2
2020-05-09 11:15:28,539 - logs… - INFO - 区域时间戳长度符合期望95
2020-05-09 11:15:28,539 - logs… - INFO - 区域温度和时间 type 符合期望 
2020-05-09 11:15:28,539 - logs… - INFO - 当前温度时间列表长度为2
2020-05-09 11:15:28,539 - logs… - INFO - 区域时间戳长度符合期望96
2020-05-09 11:15:28,539 - logs… - INFO - 区域温度和时间 type 符合期望 
2020-05-09 11:15:28,539 - logs… - INFO - 当前温度时间列表长度为2
2020-05-09 11:15:28,539 - logs… - INFO - 区域时间戳长度符合期望97
2020-05-09 11:15:28,540 - logs… - INFO - 区域温度和时间 type 符合期望 
2020-05-09 11:15:28,540 - logs… - INFO - 当前温度时间列表长度为2
2020-05-09 11:15:28,540 - logs… - INFO - 区域时间戳长度符合期望98
2020-05-09 11:15:28,540 - logs… - INFO - 区域温度和时间 type 符合期望 
2020-05-09 11:15:28,540 - logs… - INFO - 当前温度时间列表长度为2
2020-05-09 11:15:28,540 - logs… - INFO - 区域时间戳长度符合期望99
2020-05-09 11:15:28,540 - logs… - INFO - 区域温度和时间 type 符合期望 
2020-05-09 11:15:28,540 - logs… - INFO - 当前温度时间列表长度为2
2020-05-09 11:15:28,540 - logs… - INFO - 区域时间戳长度符合期望100
2020-05-09 11:15:28,540 - logs… - INFO - 区域温度和时间 type 符合期望 
2020-05-09 11:15:28,540 - logs… - INFO - 当前温度时间列表长度为2
2020-05-09 11:15:28,540 - logs… - INFO - 区域时间戳长度符合期望101
2020-05-09 11:15:28,540 - logs… - INFO - 区域温度和时间 type 符合期望 
2020-05-09 11:15:28,540 - logs… - INFO - 当前温度时间列表长度为2
2020-05-09 11:15:28,540 - logs… - INFO - 区域时间戳长度符合期望102
2020-05-09 11:15:28,540 - logs… - INFO - 区域温度和时间 type 符合期望 
2020-05-09 11:15:28,540 - logs… - INFO - 当前温度时间列表长度为2
2020-05-09 11:15:28,541 - logs… - INFO - 区域时间戳长度符合期望103
2020-05-09 11:15:28,541 - logs… - INFO - 区域温度和时间 type 符合期望 
2020-05-09 11:15:28,541 - logs… - INFO - 当前温度时间列表长度为2
2020-05-09 11:15:28,541 - logs… - INFO - 区域时间戳长度符合期望104
2020-05-09 11:15:28,541 - logs… - INFO - 区域温度和时间 type 符合期望 
2020-05-09 11:15:28,541 - logs… - INFO - 当前温度时间列表长度为2
2020-05-09 11:15:28,541 - logs… - INFO - 区域时间戳长度符合期望105
2020-05-09 11:15:28,541 - logs… - INFO - 区域温度和时间 type 符合期望 
2020-05-09 11:15:28,541 - logs… - INFO - 当前温度时间列表长度为2
2020-05-09 11:15:28,541 - logs… - INFO - 区域时间戳长度符合期望106
2020-05-09 11:15:28,541 - logs… - INFO - 区域温度和时间 type 符合期望 
2020-05-09 11:15:28,541 - logs… - INFO - 当前温度时间列表长度为2
2020-05-09 11:15:28,541 - logs… - INFO - 区域时间戳长度符合期望107
2020-05-09 11:15:28,541 - logs… - INFO - 区域温度和时间 type 符合期望 
2020-05-09 11:15:28,541 - logs… - INFO - 当前温度时间列表长度为2
2020-05-09 11:15:28,541 - logs… - INFO - 区域时间戳长度符合期望108
2020-05-09 11:15:28,542 - logs… - INFO - 区域温度和时间 type 符合期望 
2020-05-09 11:15:28,542 - logs… - INFO - 当前温度时间列表长度为2
2020-05-09 11:15:28,542 - logs… - INFO - 区域时间戳长度符合期望109
2020-05-09 11:15:28,542 - logs… - INFO - 区域温度和时间 type 符合期望 
2020-05-09 11:15:28,542 - logs… - INFO - 当前温度时间列表长度为2
2020-05-09 11:15:28,542 - logs… - INFO - 区域时间戳长度符合期望110
2020-05-09 11:15:28,542 - logs… - INFO - 区域温度和时间 type 符合期望 
2020-05-09 11:15:28,542 - logs… - INFO - 当前温度时间列表长度为2
2020-05-09 11:15:28,542 - logs… - INFO - 区域时间戳长度符合期望111
2020-05-09 11:15:28,542 - logs… - INFO - 区域温度和时间 type 符合期望 
2020-05-09 11:15:28,542 - logs… - INFO - 当前温度时间列表长度为2
2020-05-09 11:15:28,542 - logs… - INFO - 区域时间戳长度符合期望112
2020-05-09 11:15:28,542 - logs… - INFO - 区域温度和时间 type 符合期望 
2020-05-09 11:15:28,542 - logs… - INFO - 当前温度时间列表长度为2
2020-05-09 11:15:28,542 - logs… - INFO - 区域时间戳长度符合期望113
2020-05-09 11:15:28,542 - logs… - INFO - 区域温度和时间 type 符合期望 
2020-05-09 11:15:28,543 - logs… - INFO - 当前温度时间列表长度为2
2020-05-09 11:15:28,543 - logs… - INFO - 区域时间戳长度符合期望114
2020-05-09 11:15:28,543 - logs… - INFO - 区域温度和时间 type 符合期望 
2020-05-09 11:15:28,543 - logs… - INFO - 当前温度时间列表长度为2
2020-05-09 11:15:28,543 - logs… - INFO - 区域时间戳长度符合期望115
2020-05-09 11:15:28,543 - logs… - INFO - 区域温度和时间 type 符合期望 
2020-05-09 11:15:28,543 - logs… - INFO - 当前温度时间列表长度为2
2020-05-09 11:15:28,543 - logs… - INFO - 区域时间戳长度符合期望116
2020-05-09 11:15:28,543 - logs… - INFO - 区域温度和时间 type 符合期望 
2020-05-09 11:15:28,543 - logs… - INFO - 当前温度时间列表长度为2
2020-05-09 11:15:28,543 - logs… - INFO - 区域时间戳长度符合期望117
2020-05-09 11:15:28,543 - logs… - INFO - 区域温度和时间 type 符合期望 
2020-05-09 11:15:28,543 - logs… - INFO - 当前温度时间列表长度为2
2020-05-09 11:15:28,543 - logs… - INFO - 区域时间戳长度符合期望118
2020-05-09 11:15:28,543 - logs… - INFO - 区域温度和时间 type 符合期望 
2020-05-09 11:15:28,543 - logs… - INFO - 当前温度时间列表长度为2
2020-05-09 11:15:28,544 - logs… - INFO - 区域时间戳长度符合期望119
2020-05-09 11:15:28,544 - logs… - INFO - 区域温度和时间 type 符合期望 
2020-05-09 11:15:28,544 - logs… - INFO - 当前温度时间列表长度为2
2020-05-09 11:15:28,544 - logs… - INFO - 区域时间戳长度符合期望120
2020-05-09 11:15:28,544 - logs… - INFO - 区域温度和时间 type 符合期望 
2020-05-09 11:15:28,544 - logs… - INFO - 当前温度时间列表长度为2
2020-05-09 11:15:28,544 - logs… - INFO - 区域时间戳长度符合期望121
2020-05-09 11:15:28,544 - logs… - INFO - 区域温度和时间 type 符合期望 
2020-05-09 11:15:28,544 - logs… - INFO - 当前温度时间列表长度为2
2020-05-09 11:15:28,544 - logs… - INFO - 区域时间戳长度符合期望122
2020-05-09 11:15:28,544 - logs… - INFO - 区域温度和时间 type 符合期望 
2020-05-09 11:15:28,544 - logs… - INFO - 当前温度时间列表长度为2
2020-05-09 11:15:28,544 - logs… - INFO - 区域时间戳长度符合期望123
2020-05-09 11:15:28,544 - logs… - INFO - 区域温度和时间 type 符合期望 
2020-05-09 11:15:28,544 - logs… - INFO - 当前温度时间列表长度为2
2020-05-09 11:15:28,544 - logs… - INFO - 区域时间戳长度符合期望124
2020-05-09 11:15:28,544 - logs… - INFO - 区域温度和时间 type 符合期望 
2020-05-09 11:15:28,545 - logs… - INFO - 当前温度时间列表长度为2
2020-05-09 11:15:28,545 - logs… - INFO - 区域时间戳长度符合期望125
2020-05-09 11:15:28,545 - logs… - INFO - 区域温度和时间 type 符合期望 
2020-05-09 11:15:28,545 - logs… - INFO - 当前温度时间列表长度为2
2020-05-09 11:15:28,545 - logs… - INFO - 区域时间戳长度符合期望126
2020-05-09 11:15:28,545 - logs… - INFO - 区域温度和时间 type 符合期望 
2020-05-09 11:15:28,545 - logs… - INFO - 当前温度时间列表长度为2
2020-05-09 11:15:28,545 - logs… - INFO - 区域时间戳长度符合期望127
2020-05-09 11:15:28,545 - logs… - INFO - 区域温度和时间 type 符合期望 
2020-05-09 11:15:28,545 - logs… - INFO - 当前温度时间列表长度为2
2020-05-09 11:15:28,545 - logs… - INFO - 区域时间戳长度符合期望128
2020-05-09 11:15:28,545 - logs… - INFO - 区域温度和时间 type 符合期望 
2020-05-09 11:15:28,545 - logs… - INFO - 当前温度时间列表长度为2
2020-05-09 11:15:28,545 - logs… - INFO - 区域时间戳长度符合期望129
2020-05-09 11:15:28,545 - logs… - INFO - 区域温度和时间 type 符合期望 
2020-05-09 11:15:28,545 - logs… - INFO - 当前温度时间列表长度为2
2020-05-09 11:15:28,545 - logs… - INFO - 区域时间戳长度符合期望130
2020-05-09 11:15:28,546 - logs… - INFO - 区域温度和时间 type 符合期望 
2020-05-09 11:15:28,546 - logs… - INFO - 当前温度时间列表长度为2
2020-05-09 11:15:28,546 - logs… - INFO - 区域时间戳长度符合期望131
2020-05-09 11:15:28,546 - logs… - INFO - 区域温度和时间 type 符合期望 
2020-05-09 11:15:28,546 - logs… - INFO - 当前温度时间列表长度为2
2020-05-09 11:15:28,546 - logs… - INFO - 区域时间戳长度符合期望132
2020-05-09 11:15:28,546 - logs… - INFO - 区域温度和时间 type 符合期望 
2020-05-09 11:15:28,546 - logs… - INFO - 当前温度时间列表长度为2
2020-05-09 11:15:28,546 - logs… - INFO - 区域时间戳长度符合期望133
2020-05-09 11:15:28,546 - logs… - INFO - 区域温度和时间 type 符合期望 
2020-05-09 11:15:28,546 - logs… - INFO - 当前温度时间列表长度为2
2020-05-09 11:15:28,546 - logs… - INFO - 区域时间戳长度符合期望134
2020-05-09 11:15:28,546 - logs… - INFO - 区域温度和时间 type 符合期望 
2020-05-09 11:15:28,546 - logs… - INFO - 当前温度时间列表长度为2
2020-05-09 11:15:28,546 - logs… - INFO - 区域时间戳长度符合期望135
2020-05-09 11:15:28,546 - logs… - INFO - 区域温度和时间 type 符合期望 
2020-05-09 11:15:28,547 - logs… - INFO - 当前温度时间列表长度为2
2020-05-09 11:15:28,547 - logs… - INFO - 区域时间戳长度符合期望136
2020-05-09 11:15:28,547 - logs… - INFO - 区域温度和时间 type 符合期望 
2020-05-09 11:15:28,547 - logs… - INFO - 当前温度时间列表长度为2
2020-05-09 11:15:28,547 - logs… - INFO - 区域时间戳长度符合期望137
2020-05-09 11:15:28,547 - logs… - INFO - 区域温度和时间 type 符合期望 
2020-05-09 11:15:28,547 - logs… - INFO - 当前温度时间列表长度为2
2020-05-09 11:15:28,547 - logs… - INFO - 区域时间戳长度符合期望138
2020-05-09 11:15:28,547 - logs… - INFO - 区域温度和时间 type 符合期望 
2020-05-09 11:15:28,547 - logs… - INFO - 当前温度时间列表长度为2
2020-05-09 11:15:28,547 - logs… - INFO - 区域时间戳长度符合期望139
2020-05-09 11:15:28,547 - logs… - INFO - 区域温度和时间 type 符合期望 
2020-05-09 11:15:28,547 - logs… - INFO - 当前温度时间列表长度为2
2020-05-09 11:15:28,547 - logs… - INFO - 区域时间戳长度符合期望140
2020-05-09 11:15:28,547 - logs… - INFO - 区域温度和时间 type 符合期望 
2020-05-09 11:15:28,547 - logs… - INFO - 当前温度时间列表长度为2
2020-05-09 11:15:28,548 - logs… - INFO - 区域时间戳长度符合期望141
2020-05-09 11:15:28,548 - logs… - INFO - 区域温度和时间 type 符合期望 
2020-05-09 11:15:28,548 - logs… - INFO - 当前温度时间列表长度为2
2020-05-09 11:15:28,548 - logs… - INFO - 区域时间戳长度符合期望142
2020-05-09 11:15:28,548 - logs… - INFO - 区域温度和时间 type 符合期望 
2020-05-09 11:15:28,548 - logs… - INFO - 当前温度时间列表长度为2
2020-05-09 11:15:28,548 - logs… - INFO - 区域时间戳长度符合期望143
2020-05-09 11:15:28,548 - logs… - INFO - 区域温度和时间 type 符合期望 
2020-05-09 11:15:28,548 - logs… - INFO - 当前温度时间列表长度为2
2020-05-09 11:15:28,548 - logs… - INFO - 区域时间戳长度符合期望144
2020-05-09 11:15:28,548 - logs… - INFO - 区域温度和时间 type 符合期望 
2020-05-09 11:15:28,548 - logs… - INFO - 当前温度时间列表长度为2
2020-05-09 11:15:28,548 - logs… - INFO - 区域时间戳长度符合期望145
2020-05-09 11:15:28,548 - logs… - INFO - 区域温度和时间 type 符合期望 
2020-05-09 11:15:28,548 - logs… - INFO - 当前温度时间列表长度为2
2020-05-09 11:15:28,548 - logs… - INFO - 区域时间戳长度符合期望146
2020-05-09 11:15:28,548 - logs… - INFO - 区域温度和时间 type 符合期望 
2020-05-09 11:15:28,549 - logs… - INFO - 当前温度时间列表长度为2
2020-05-09 11:15:28,549 - logs… - INFO - 区域时间戳长度符合期望147
2020-05-09 11:15:28,549 - logs… - INFO - 区域温度和时间 type 符合期望 
2020-05-09 11:15:28,549 - logs… - INFO - 当前温度时间列表长度为2
2020-05-09 11:15:28,549 - logs… - INFO - 区域时间戳长度符合期望148
2020-05-09 11:15:28,549 - logs… - INFO - 区域温度和时间 type 符合期望 
2020-05-09 11:15:28,549 - logs… - INFO - 当前温度时间列表长度为2
2020-05-09 11:15:28,549 - logs… - INFO - 区域时间戳长度符合期望149
2020-05-09 11:15:28,549 - logs… - INFO - 区域温度和时间 type 符合期望 
2020-05-09 11:15:28,549 - logs… - INFO - 当前温度时间列表长度为2
2020-05-09 11:15:28,549 - logs… - INFO - 区域时间戳长度符合期望150
2020-05-09 11:15:28,549 - logs… - INFO - 区域温度和时间 type 符合期望 
2020-05-09 11:15:28,549 - logs… - INFO - 当前温度时间列表长度为2
2020-05-09 11:15:28,549 - logs… - INFO - 区域时间戳长度符合期望151
2020-05-09 11:15:28,549 - logs… - INFO - 区域温度和时间 type 符合期望 
2020-05-09 11:15:28,549 - logs… - INFO - 当前温度时间列表长度为2
2020-05-09 11:15:28,550 - logs… - INFO - 区域时间戳长度符合期望152
2020-05-09 11:15:28,550 - logs… - INFO - 区域温度和时间 type 符合期望 
2020-05-09 11:15:28,550 - logs… - INFO - 当前温度时间列表长度为2
2020-05-09 11:15:28,550 - logs… - INFO - 区域时间戳长度符合期望153
2020-05-09 11:15:28,550 - logs… - INFO - 区域温度和时间 type 符合期望 
2020-05-09 11:15:28,550 - logs… - INFO - 当前温度时间列表长度为2
2020-05-09 11:15:28,550 - logs… - INFO - 区域时间戳长度符合期望154
2020-05-09 11:15:28,550 - logs… - INFO - 区域温度和时间 type 符合期望 
2020-05-09 11:15:28,550 - logs… - INFO - 当前温度时间列表长度为2
2020-05-09 11:15:28,550 - logs… - INFO - 区域时间戳长度符合期望155
2020-05-09 11:15:28,550 - logs… - INFO - 区域温度和时间 type 符合期望 
2020-05-09 11:15:28,550 - logs… - INFO - 当前温度时间列表长度为2
2020-05-09 11:15:28,550 - logs… - INFO - 区域时间戳长度符合期望156
2020-05-09 11:15:28,550 - logs… - INFO - 区域温度和时间 type 符合期望 
2020-05-09 11:15:28,550 - logs… - INFO - 当前温度时间列表长度为2
2020-05-09 11:15:28,550 - logs… - INFO - 区域时间戳长度符合期望157
2020-05-09 11:15:28,550 - logs… - INFO - 区域温度和时间 type 符合期望 
2020-05-09 11:15:28,551 - logs… - INFO - 当前温度时间列表长度为2
2020-05-09 11:15:28,551 - logs… - INFO - 区域时间戳长度符合期望158
2020-05-09 11:15:28,551 - logs… - INFO - 区域温度和时间 type 符合期望 
2020-05-09 11:15:28,551 - logs… - INFO - 当前温度时间列表长度为2
2020-05-09 11:15:28,551 - logs… - INFO - 区域时间戳长度符合期望159
2020-05-09 11:15:28,551 - logs… - INFO - 区域温度和时间 type 符合期望 
2020-05-09 11:15:28,551 - logs… - INFO - 当前温度时间列表长度为2
2020-05-09 11:15:28,551 - logs… - INFO - 区域时间戳长度符合期望160
2020-05-09 11:15:28,551 - logs… - INFO - 区域温度和时间 type 符合期望 
2020-05-09 11:15:28,551 - logs… - INFO - 当前温度时间列表长度为2
2020-05-09 11:15:28,551 - logs… - INFO - 区域时间戳长度符合期望161
2020-05-09 11:15:28,551 - logs… - INFO - 区域温度和时间 type 符合期望 
2020-05-09 11:15:28,551 - logs… - INFO - 当前温度时间列表长度为2
2020-05-09 11:15:28,551 - logs… - INFO - 区域时间戳长度符合期望162
2020-05-09 11:15:28,551 - logs… - INFO - 区域温度和时间 type 符合期望 
2020-05-09 11:15:28,551 - logs… - INFO - 当前温度时间列表长度为2
2020-05-09 11:15:28,552 - logs… - INFO - 区域时间戳长度符合期望163
2020-05-09 11:15:28,552 - logs… - INFO - 区域温度和时间 type 符合期望 
2020-05-09 11:15:28,552 - logs… - INFO - 当前温度时间列表长度为2
2020-05-09 11:15:28,552 - logs… - INFO - 区域时间戳长度符合期望164
2020-05-09 11:15:28,552 - logs… - INFO - 区域温度和时间 type 符合期望 
2020-05-09 11:15:28,552 - logs… - INFO - 当前温度时间列表长度为2
2020-05-09 11:15:28,552 - logs… - INFO - 区域时间戳长度符合期望165
2020-05-09 11:15:28,552 - logs… - INFO - 区域温度和时间 type 符合期望 
2020-05-09 11:15:28,552 - logs… - INFO - 当前温度时间列表长度为2
2020-05-09 11:15:28,552 - logs… - INFO - 区域时间戳长度符合期望166
2020-05-09 11:15:28,552 - logs… - INFO - 区域温度和时间 type 符合期望 
2020-05-09 11:15:28,552 - logs… - INFO - 当前温度时间列表长度为2
2020-05-09 11:15:28,552 - logs… - INFO - 区域时间戳长度符合期望167
2020-05-09 11:15:28,552 - logs… - INFO - 区域温度和时间 type 符合期望 
2020-05-09 11:15:28,552 - logs… - INFO - 当前温度时间列表长度为2
2020-05-09 11:15:28,552 - logs… - INFO - 区域时间戳长度符合期望168
2020-05-09 11:15:28,552 - logs… - INFO - 区域温度和时间 type 符合期望 
2020-05-09 11:15:28,553 - logs… - INFO - 当前温度时间列表长度为2
2020-05-09 11:15:28,553 - logs… - INFO - 区域时间戳长度符合期望169
2020-05-09 11:15:28,553 - logs… - INFO - 区域温度和时间 type 符合期望 
2020-05-09 11:15:28,553 - logs… - INFO - 当前温度时间列表长度为2
2020-05-09 11:15:28,553 - logs… - INFO - 区域时间戳长度符合期望170
2020-05-09 11:15:28,553 - logs… - INFO - 区域温度和时间 type 符合期望 
2020-05-09 11:15:28,553 - logs… - INFO - 当前温度时间列表长度为2
2020-05-09 11:15:28,553 - logs… - INFO - 区域时间戳长度符合期望171
2020-05-09 11:15:28,553 - logs… - INFO - 区域温度和时间 type 符合期望 
2020-05-09 11:15:28,553 - logs… - INFO - 当前温度时间列表长度为2
2020-05-09 11:15:28,553 - logs… - INFO - 区域时间戳长度符合期望172
2020-05-09 11:15:28,553 - logs… - INFO - 区域温度和时间 type 符合期望 
2020-05-09 11:15:28,553 - logs… - INFO - 当前温度时间列表长度为2
2020-05-09 11:15:28,553 - logs… - INFO - 区域时间戳长度符合期望173
2020-05-09 11:15:28,553 - logs… - INFO - 区域温度和时间 type 符合期望 
2020-05-09 11:15:28,553 - logs… - INFO - 当前温度时间列表长度为2
2020-05-09 11:15:28,553 - logs… - INFO - 区域时间戳长度符合期望174
2020-05-09 11:15:28,554 - logs… - INFO - 区域温度和时间 type 符合期望 
2020-05-09 11:15:28,554 - logs… - INFO - 当前温度时间列表长度为2
2020-05-09 11:15:28,554 - logs… - INFO - 区域时间戳长度符合期望175
2020-05-09 11:15:28,554 - logs… - INFO - 区域温度和时间 type 符合期望 
2020-05-09 11:15:28,554 - logs… - INFO - 当前温度时间列表长度为2
2020-05-09 11:15:28,554 - logs… - INFO - 区域时间戳长度符合期望176
2020-05-09 11:15:28,554 - logs… - INFO - 区域温度和时间 type 符合期望 
2020-05-09 11:15:28,554 - logs… - INFO - 当前温度时间列表长度为2
2020-05-09 11:15:28,554 - logs… - INFO - 区域时间戳长度符合期望177
2020-05-09 11:15:28,554 - logs… - INFO - 区域温度和时间 type 符合期望 
2020-05-09 11:15:28,554 - logs… - INFO - 当前温度时间列表长度为2
2020-05-09 11:15:28,554 - logs… - INFO - 区域时间戳长度符合期望178
2020-05-09 11:15:28,554 - logs… - INFO - 区域温度和时间 type 符合期望 
2020-05-09 11:15:28,554 - logs… - INFO - 当前温度时间列表长度为2
2020-05-09 11:15:28,554 - logs… - INFO - 区域时间戳长度符合期望179
2020-05-09 11:15:28,554 - logs… - INFO - 区域温度和时间 type 符合期望 
2020-05-09 11:15:28,555 - logs… - INFO - 当前温度时间列表长度为2
2020-05-09 11:15:28,555 - logs… - INFO - 区域时间戳长度符合期望180
2020-05-09 11:15:28,555 - logs… - INFO - 区域温度和时间 type 符合期望 
2020-05-09 11:15:28,555 - logs… - INFO - 当前温度时间列表长度为2
2020-05-09 11:15:28,555 - logs… - INFO - 区域时间戳长度符合期望181
2020-05-09 11:15:28,555 - logs… - INFO - 区域温度和时间 type 符合期望 
2020-05-09 11:15:28,555 - logs… - INFO - 当前温度时间列表长度为2
2020-05-09 11:15:28,555 - logs… - INFO - 区域时间戳长度符合期望182
2020-05-09 11:15:28,555 - logs… - INFO - 区域温度和时间 type 符合期望 
2020-05-09 11:15:28,555 - logs… - INFO - 当前温度时间列表长度为2
2020-05-09 11:15:28,555 - logs… - INFO - 区域时间戳长度符合期望183
2020-05-09 11:15:28,555 - logs… - INFO - 区域温度和时间 type 符合期望 
2020-05-09 11:15:28,555 - logs… - INFO - 当前温度时间列表长度为2
2020-05-09 11:15:28,556 - logs… - INFO - 区域时间戳长度符合期望184
2020-05-09 11:15:28,556 - logs… - INFO - 区域温度和时间 type 符合期望 
2020-05-09 11:15:28,556 - logs… - INFO - 当前温度时间列表长度为2
2020-05-09 11:15:28,556 - logs… - INFO - 区域时间戳长度符合期望185
2020-05-09 11:15:28,556 - logs… - INFO - 区域温度和时间 type 符合期望 
2020-05-09 11:15:28,556 - logs… - INFO - 当前温度时间列表长度为2
2020-05-09 11:15:28,556 - logs… - INFO - 区域时间戳长度符合期望186
2020-05-09 11:15:28,556 - logs… - INFO - 区域温度和时间 type 符合期望 
2020-05-09 11:15:28,556 - logs… - INFO - 当前温度时间列表长度为2
2020-05-09 11:15:28,556 - logs… - INFO - 区域时间戳长度符合期望187
2020-05-09 11:15:28,556 - logs… - INFO - 区域温度和时间 type 符合期望 
2020-05-09 11:15:28,556 - logs… - INFO - 当前温度时间列表长度为2
2020-05-09 11:15:28,556 - logs… - INFO - 区域时间戳长度符合期望188
2020-05-09 11:15:28,556 - logs… - INFO - 区域温度和时间 type 符合期望 
2020-05-09 11:15:28,556 - logs… - INFO - 当前温度时间列表长度为2
2020-05-09 11:15:28,557 - logs… - INFO - 区域时间戳长度符合期望189
2020-05-09 11:15:28,557 - logs… - INFO - 区域温度和时间 type 符合期望 
2020-05-09 11:15:28,557 - logs… - INFO - 当前温度时间列表长度为2
2020-05-09 11:15:28,557 - logs… - INFO - 区域时间戳长度符合期望190
2020-05-09 11:15:28,557 - logs… - INFO - 区域温度和时间 type 符合期望 
2020-05-09 11:15:28,557 - logs… - INFO - 当前温度时间列表长度为2
2020-05-09 11:15:28,557 - logs… - INFO - 区域时间戳长度符合期望191
2020-05-09 11:15:28,557 - logs… - INFO - 区域温度和时间 type 符合期望 
2020-05-09 11:15:28,557 - logs… - INFO - 当前温度时间列表长度为2
2020-05-09 11:15:28,557 - logs… - INFO - 区域时间戳长度符合期望192
2020-05-09 11:15:28,557 - logs… - INFO - 区域温度和时间 type 符合期望 
2020-05-09 11:15:28,557 - logs… - INFO - 当前温度时间列表长度为2
2020-05-09 11:15:28,557 - logs… - INFO - 区域时间戳长度符合期望193
2020-05-09 11:15:28,557 - logs… - INFO - 区域温度和时间 type 符合期望 
2020-05-09 11:15:28,557 - logs… - INFO - 当前温度时间列表长度为2
2020-05-09 11:15:28,557 - logs… - INFO - 区域时间戳长度符合期望194
2020-05-09 11:15:28,557 - logs… - INFO - 区域温度和时间 type 符合期望 
2020-05-09 11:15:28,558 - logs… - INFO - 当前温度时间列表长度为2
2020-05-09 11:15:28,558 - logs… - INFO - 区域时间戳长度符合期望195
2020-05-09 11:15:28,558 - logs… - INFO - 区域温度和时间 type 符合期望 
2020-05-09 11:15:28,558 - logs… - INFO - 当前温度时间列表长度为2
2020-05-09 11:15:28,558 - logs… - INFO - 区域时间戳长度符合期望196
2020-05-09 11:15:28,558 - logs… - INFO - 区域温度和时间 type 符合期望 
2020-05-09 11:15:28,558 - logs… - INFO - 当前温度时间列表长度为2
2020-05-09 11:15:28,558 - logs… - INFO - 区域时间戳长度符合期望197
2020-05-09 11:15:28,558 - logs… - INFO - 区域温度和时间 type 符合期望 
2020-05-09 11:15:28,558 - logs… - INFO - 当前温度时间列表长度为2
2020-05-09 11:15:28,558 - logs… - INFO - 区域时间戳长度符合期望198
2020-05-09 11:15:28,558 - logs… - INFO - 区域温度和时间 type 符合期望 
2020-05-09 11:15:28,558 - logs… - INFO - 当前温度时间列表长度为2
2020-05-09 11:15:28,558 - logs… - INFO - 区域时间戳长度符合期望199
2020-05-09 11:15:28,558 - logs… - INFO - 区域温度和时间 type 符合期望 
2020-05-09 11:15:28,558 - logs… - INFO - 当前温度时间列表长度为2
2020-05-09 11:15:28,558 - logs… - INFO - 区域时间戳长度符合期望200
2020-05-09 11:15:28,559 - logs… - INFO - 区域温度和时间 type 符合期望 
2020-05-09 11:15:28,559 - logs… - INFO - 当前温度时间列表长度为2
2020-05-09 11:15:28,559 - logs… - INFO - 区域时间戳长度符合期望201
2020-05-09 11:15:28,559 - logs… - INFO - 区域温度和时间 type 符合期望 
2020-05-09 11:15:28,559 - logs… - INFO - 当前温度时间列表长度为2
2020-05-09 11:15:28,559 - logs… - INFO - 区域时间戳长度符合期望202
2020-05-09 11:15:28,559 - logs… - INFO - 区域温度和时间 type 符合期望 
2020-05-09 11:15:28,559 - logs… - INFO - 当前温度时间列表长度为2
2020-05-09 11:15:28,559 - logs… - INFO - 区域时间戳长度符合期望203
2020-05-09 11:15:28,559 - logs… - INFO - 区域温度和时间 type 符合期望 
2020-05-09 11:15:28,559 - logs… - INFO - 当前温度时间列表长度为2
2020-05-09 11:15:28,559 - logs… - INFO - 区域时间戳长度符合期望204
2020-05-09 11:15:28,559 - logs… - INFO - 区域温度和时间 type 符合期望 
2020-05-09 11:15:28,559 - logs… - INFO - 当前温度时间列表长度为2
2020-05-09 11:15:28,559 - logs… - INFO - 区域时间戳长度符合期望205
2020-05-09 11:15:28,559 - logs… - INFO - 区域温度和时间 type 符合期望 
2020-05-09 11:15:28,560 - logs… - INFO - 当前温度时间列表长度为2
2020-05-09 11:15:28,560 - logs… - INFO - 区域时间戳长度符合期望206
2020-05-09 11:15:28,560 - logs… - INFO - 区域温度和时间 type 符合期望 
2020-05-09 11:15:28,560 - logs… - INFO - 当前温度时间列表长度为2
2020-05-09 11:15:28,560 - logs… - INFO - 区域时间戳长度符合期望207
2020-05-09 11:15:28,560 - logs… - INFO - 区域温度和时间 type 符合期望 
2020-05-09 11:15:28,560 - logs… - INFO - 当前温度时间列表长度为2
2020-05-09 11:15:28,560 - logs… - INFO - 区域时间戳长度符合期望208
2020-05-09 11:15:28,560 - logs… - INFO - 区域温度和时间 type 符合期望 
2020-05-09 11:15:28,560 - logs… - INFO - 当前温度时间列表长度为2
2020-05-09 11:15:28,560 - logs… - INFO - 区域时间戳长度符合期望209
2020-05-09 11:15:28,560 - logs… - INFO - 区域温度和时间 type 符合期望 
2020-05-09 11:15:28,560 - logs… - INFO - 当前温度时间列表长度为2
2020-05-09 11:15:28,560 - logs… - INFO - 区域时间戳长度符合期望210
2020-05-09 11:15:28,560 - logs… - INFO - 区域温度和时间 type 符合期望 
2020-05-09 11:15:28,560 - logs… - INFO - 当前温度时间列表长度为2
2020-05-09 11:15:28,560 - logs… - INFO - 区域时间戳长度符合期望211
2020-05-09 11:15:28,561 - logs… - INFO - 区域温度和时间 type 符合期望 
2020-05-09 11:15:28,561 - logs… - INFO - 当前温度时间列表长度为2
2020-05-09 11:15:28,561 - logs… - INFO - 区域时间戳长度符合期望212
2020-05-09 11:15:28,561 - logs… - INFO - 区域温度和时间 type 符合期望 
2020-05-09 11:15:28,561 - logs… - INFO - 当前温度时间列表长度为2
2020-05-09 11:15:28,561 - logs… - INFO - 区域时间戳长度符合期望213
2020-05-09 11:15:28,561 - logs… - INFO - 区域温度和时间 type 符合期望 
2020-05-09 11:15:28,561 - logs… - INFO - 当前温度时间列表长度为2
2020-05-09 11:15:28,561 - logs… - INFO - 区域时间戳长度符合期望214
2020-05-09 11:15:28,561 - logs… - INFO - 区域温度和时间 type 符合期望 
2020-05-09 11:15:28,561 - logs… - INFO - 当前温度时间列表长度为2
2020-05-09 11:15:28,561 - logs… - INFO - 区域时间戳长度符合期望215
2020-05-09 11:15:28,561 - logs… - INFO - 区域温度和时间 type 符合期望 
2020-05-09 11:15:28,561 - logs… - INFO - 当前温度时间列表长度为2
2020-05-09 11:15:28,561 - logs… - INFO - 区域时间戳长度符合期望216
2020-05-09 11:15:28,561 - logs… - INFO - 区域温度和时间 type 符合期望 
2020-05-09 11:15:28,561 - logs… - INFO - 当前温度时间列表长度为2
2020-05-09 11:15:28,562 - logs… - INFO - 区域时间戳长度符合期望217
2020-05-09 11:15:28,562 - logs… - INFO - 区域温度和时间 type 符合期望 
2020-05-09 11:15:28,562 - logs… - INFO - 当前温度时间列表长度为2
2020-05-09 11:15:28,562 - logs… - INFO - 区域时间戳长度符合期望218
2020-05-09 11:15:28,562 - logs… - INFO - 区域温度和时间 type 符合期望 
2020-05-09 11:15:28,562 - logs… - INFO - 当前温度时间列表长度为2
2020-05-09 11:15:28,562 - logs… - INFO - 区域时间戳长度符合期望219
2020-05-09 11:15:28,562 - logs… - INFO - 区域温度和时间 type 符合期望 
2020-05-09 11:15:28,562 - logs… - INFO - 当前温度时间列表长度为2
2020-05-09 11:15:28,562 - logs… - INFO - 区域时间戳长度符合期望220
2020-05-09 11:15:28,562 - logs… - INFO - 区域温度和时间 type 符合期望 
2020-05-09 11:15:28,562 - logs… - INFO - 当前温度时间列表长度为2
2020-05-09 11:15:28,562 - logs… - INFO - 区域时间戳长度符合期望221
2020-05-09 11:15:28,562 - logs… - INFO - 区域温度和时间 type 符合期望 
2020-05-09 11:15:28,562 - logs… - INFO - 当前温度时间列表长度为2
2020-05-09 11:15:28,562 - logs… - INFO - 区域时间戳长度符合期望222
2020-05-09 11:15:28,562 - logs… - INFO - 区域温度和时间 type 符合期望 
2020-05-09 11:15:28,563 - logs… - INFO - 当前温度时间列表长度为2
2020-05-09 11:15:28,563 - logs… - INFO - 区域时间戳长度符合期望223
2020-05-09 11:15:28,563 - logs… - INFO - 区域温度和时间 type 符合期望 
2020-05-09 11:15:28,563 - logs… - INFO - 当前温度时间列表长度为2
2020-05-09 11:15:28,563 - logs… - INFO - 区域时间戳长度符合期望224
2020-05-09 11:15:28,563 - logs… - INFO - 区域温度和时间 type 符合期望 
2020-05-09 11:15:28,563 - logs… - INFO - 当前温度时间列表长度为2
2020-05-09 11:15:28,563 - logs… - INFO - 区域时间戳长度符合期望225
2020-05-09 11:15:28,563 - logs… - INFO - 区域温度和时间 type 符合期望 
2020-05-09 11:15:28,563 - logs… - INFO - 当前温度时间列表长度为2
2020-05-09 11:15:28,563 - logs… - INFO - 区域时间戳长度符合期望226
2020-05-09 11:15:28,563 - logs… - INFO - 区域温度和时间 type 符合期望 
2020-05-09 11:15:28,563 - logs… - INFO - 当前温度时间列表长度为2
2020-05-09 11:15:28,563 - logs… - INFO - 区域时间戳长度符合期望227
2020-05-09 11:15:28,563 - logs… - INFO - 区域温度和时间 type 符合期望 
2020-05-09 11:15:28,563 - logs… - INFO - 当前温度时间列表长度为2
2020-05-09 11:15:28,564 - logs… - INFO - 区域时间戳长度符合期望228
2020-05-09 11:15:28,564 - logs… - INFO - 区域温度和时间 type 符合期望 
2020-05-09 11:15:28,564 - logs… - INFO - 当前温度时间列表长度为2
2020-05-09 11:15:28,564 - logs… - INFO - 区域时间戳长度符合期望229
2020-05-09 11:15:28,564 - logs… - INFO - 区域温度和时间 type 符合期望 
2020-05-09 11:15:28,564 - logs… - INFO - 当前温度时间列表长度为2
2020-05-09 11:15:28,564 - logs… - INFO - 区域时间戳长度符合期望230
2020-05-09 11:15:28,564 - logs… - INFO - 区域温度和时间 type 符合期望 
2020-05-09 11:15:28,564 - logs… - INFO - 当前温度时间列表长度为2
2020-05-09 11:15:28,564 - logs… - INFO - 区域时间戳长度符合期望231
2020-05-09 11:15:28,564 - logs… - INFO - 区域温度和时间 type 符合期望 
2020-05-09 11:15:28,564 - logs… - INFO - 当前温度时间列表长度为2
2020-05-09 11:15:28,564 - logs… - INFO - 区域时间戳长度符合期望232
2020-05-09 11:15:28,564 - logs… - INFO - 区域温度和时间 type 符合期望 
2020-05-09 11:15:28,564 - logs… - INFO - 当前温度时间列表长度为2
2020-05-09 11:15:28,564 - logs… - INFO - 区域时间戳长度符合期望233
2020-05-09 11:15:28,564 - logs… - INFO - 区域温度和时间 type 符合期望 
2020-05-09 11:15:28,565 - logs… - INFO - 当前温度时间列表长度为2
2020-05-09 11:15:28,565 - logs… - INFO - 区域时间戳长度符合期望234
2020-05-09 11:15:28,565 - logs… - INFO - 区域温度和时间 type 符合期望 
2020-05-09 11:15:28,565 - logs… - INFO - 当前温度时间列表长度为2
2020-05-09 11:15:28,565 - logs… - INFO - 区域时间戳长度符合期望235
2020-05-09 11:15:28,565 - logs… - INFO - 区域温度和时间 type 符合期望 
2020-05-09 11:15:28,565 - logs… - INFO - 当前温度时间列表长度为2
2020-05-09 11:15:28,565 - logs… - INFO - 区域时间戳长度符合期望236
2020-05-09 11:15:28,565 - logs… - INFO - 区域温度和时间 type 符合期望 
2020-05-09 11:15:28,565 - logs… - INFO - 当前温度时间列表长度为2
2020-05-09 11:15:28,565 - logs… - INFO - 区域时间戳长度符合期望237
2020-05-09 11:15:28,565 - logs… - INFO - 区域温度和时间 type 符合期望 
2020-05-09 11:15:28,565 - logs… - INFO - 当前温度时间列表长度为2
2020-05-09 11:15:28,565 - logs… - INFO - 区域时间戳长度符合期望238
2020-05-09 11:15:28,565 - logs… - INFO - 区域温度和时间 type 符合期望 
2020-05-09 11:15:28,565 - logs… - INFO - 当前温度时间列表长度为2
2020-05-09 11:15:28,565 - logs… - INFO - 区域时间戳长度符合期望239
2020-05-09 11:15:28,566 - logs… - INFO - 区域温度和时间 type 符合期望 
2020-05-09 11:15:28,566 - logs… - INFO - 当前温度时间列表长度为2
2020-05-09 11:15:28,566 - logs… - INFO - 区域时间戳长度符合期望240
2020-05-09 11:15:28,566 - logs… - INFO - 区域温度和时间 type 符合期望 
2020-05-09 11:15:28,566 - logs… - INFO - 当前温度时间列表长度为2
2020-05-09 11:15:28,566 - logs… - INFO - 区域时间戳长度符合期望241
2020-05-09 11:15:28,566 - logs… - INFO - 区域温度和时间 type 符合期望 
2020-05-09 11:15:28,566 - logs… - INFO - 当前温度时间列表长度为2
2020-05-09 11:15:28,566 - logs… - INFO - 区域时间戳长度符合期望242
2020-05-09 11:15:28,566 - logs… - INFO - 区域温度和时间 type 符合期望 
2020-05-09 11:15:28,566 - logs… - INFO - 当前温度时间列表长度为2
2020-05-09 11:15:28,566 - logs… - INFO - 区域时间戳长度符合期望243
2020-05-09 11:15:28,566 - logs… - INFO - 区域温度和时间 type 符合期望 
2020-05-09 11:15:28,566 - logs… - INFO - 当前温度时间列表长度为2
2020-05-09 11:15:28,566 - logs… - INFO - 区域时间戳长度符合期望244
2020-05-09 11:15:28,566 - logs… - INFO - 区域温度和时间 type 符合期望 
2020-05-09 11:15:28,566 - logs… - INFO - 当前温度时间列表长度为2
2020-05-09 11:15:28,567 - logs… - INFO - 区域时间戳长度符合期望245
2020-05-09 11:15:28,567 - logs… - INFO - 区域温度和时间 type 符合期望 
2020-05-09 11:15:28,567 - logs… - INFO - 当前温度时间列表长度为2
2020-05-09 11:15:28,567 - logs… - INFO - 区域时间戳长度符合期望246
2020-05-09 11:15:28,567 - logs… - INFO - 区域温度和时间 type 符合期望 
2020-05-09 11:15:28,567 - logs… - INFO - 当前温度时间列表长度为2
2020-05-09 11:15:28,567 - logs… - INFO - 区域时间戳长度符合期望247
2020-05-09 11:15:28,567 - logs… - INFO - 区域温度和时间 type 符合期望 
2020-05-09 11:15:28,567 - logs… - INFO - 当前温度时间列表长度为2
2020-05-09 11:15:28,567 - logs… - INFO - 区域时间戳长度符合期望248
2020-05-09 11:15:28,567 - logs… - INFO - 区域温度和时间 type 符合期望 
2020-05-09 11:15:28,567 - logs… - INFO - 当前温度时间列表长度为2
2020-05-09 11:15:28,567 - logs… - INFO - 区域时间戳长度符合期望249
2020-05-09 11:15:28,567 - logs… - INFO - 区域温度和时间 type 符合期望 
2020-05-09 11:15:28,567 - logs… - INFO - 当前温度时间列表长度为2
2020-05-09 11:15:28,567 - logs… - INFO - 区域时间戳长度符合期望250
2020-05-09 11:15:28,568 - logs… - INFO - 区域温度和时间 type 符合期望 
2020-05-09 11:15:28,568 - logs… - INFO - 当前温度时间列表长度为2
2020-05-09 11:15:28,568 - logs… - INFO - 区域时间戳长度符合期望251
2020-05-09 11:15:28,568 - logs… - INFO - 区域温度和时间 type 符合期望 
2020-05-09 11:15:28,568 - logs… - INFO - 当前温度时间列表长度为2
2020-05-09 11:15:28,568 - logs… - INFO - 区域时间戳长度符合期望252
2020-05-09 11:15:28,568 - logs… - INFO - 区域温度和时间 type 符合期望 
2020-05-09 11:15:28,568 - logs… - INFO - 当前温度时间列表长度为2
2020-05-09 11:15:28,568 - logs… - INFO - 区域时间戳长度符合期望253
2020-05-09 11:15:28,568 - logs… - INFO - 区域温度和时间 type 符合期望 
2020-05-09 11:15:28,568 - logs… - INFO - 当前温度时间列表长度为2
2020-05-09 11:15:28,568 - logs… - INFO - 区域时间戳长度符合期望254
2020-05-09 11:15:28,568 - logs… - INFO - 区域温度和时间 type 符合期望 
2020-05-09 11:15:28,568 - logs… - INFO - 当前温度时间列表长度为2
2020-05-09 11:15:28,568 - logs… - INFO - 区域时间戳长度符合期望255
2020-05-09 11:15:28,568 - logs… - INFO - 区域温度和时间 type 符合期望 
2020-05-09 11:15:28,568 - logs… - INFO - 当前温度时间列表长度为2
2020-05-09 11:15:28,569 - logs… - INFO - 区域时间戳长度符合期望256
2020-05-09 11:15:28,569 - logs… - INFO - 区域温度和时间 type 符合期望 
2020-05-09 11:15:28,569 - logs… - INFO - 当前温度时间列表长度为2
2020-05-09 11:15:28,569 - logs… - INFO - 区域时间戳长度符合期望257
2020-05-09 11:15:28,569 - logs… - INFO - 区域温度和时间 type 符合期望 
2020-05-09 11:15:28,569 - logs… - INFO - 当前温度时间列表长度为2
2020-05-09 11:15:28,569 - logs… - INFO - 区域时间戳长度符合期望258
2020-05-09 11:15:28,569 - logs… - INFO - 区域温度和时间 type 符合期望 
2020-05-09 11:15:28,569 - logs… - INFO - 当前温度时间列表长度为2
2020-05-09 11:15:28,569 - logs… - INFO - 区域时间戳长度符合期望259
2020-05-09 11:15:28,569 - logs… - INFO - 区域温度和时间 type 符合期望 
2020-05-09 11:15:28,569 - logs… - INFO - 当前温度时间列表长度为2
2020-05-09 11:15:28,569 - logs… - INFO - 区域时间戳长度符合期望260
2020-05-09 11:15:28,569 - logs… - INFO - 区域温度和时间 type 符合期望 
2020-05-09 11:15:28,569 - logs… - INFO - 当前温度时间列表长度为2
2020-05-09 11:15:28,569 - logs… - INFO - 区域时间戳长度符合期望261
2020-05-09 11:15:28,570 - logs… - INFO - 区域温度和时间 type 符合期望 
2020-05-09 11:15:28,570 - logs… - INFO - 当前温度时间列表长度为2
2020-05-09 11:15:28,570 - logs… - INFO - 区域时间戳长度符合期望262
2020-05-09 11:15:28,570 - logs… - INFO - 区域温度和时间 type 符合期望 
2020-05-09 11:15:28,570 - logs… - INFO - 当前温度时间列表长度为2
2020-05-09 11:15:28,570 - logs… - INFO - 区域时间戳长度符合期望263
2020-05-09 11:15:28,570 - logs… - INFO - 区域温度和时间 type 符合期望 
2020-05-09 11:15:28,570 - logs… - INFO - 当前温度时间列表长度为2
2020-05-09 11:15:28,570 - logs… - INFO - 区域时间戳长度符合期望264
2020-05-09 11:15:28,570 - logs… - INFO - 区域温度和时间 type 符合期望 
2020-05-09 11:15:28,570 - logs… - INFO - 当前温度时间列表长度为2
2020-05-09 11:15:28,570 - logs… - INFO - 区域时间戳长度符合期望265
2020-05-09 11:15:28,570 - logs… - INFO - 区域温度和时间 type 符合期望 
2020-05-09 11:15:28,570 - logs… - INFO - 当前温度时间列表长度为2
2020-05-09 11:15:28,570 - logs… - INFO - 区域时间戳长度符合期望266
2020-05-09 11:15:28,571 - logs… - INFO - 区域温度和时间 type 符合期望 
2020-05-09 11:15:28,571 - logs… - INFO - 当前温度时间列表长度为2
2020-05-09 11:15:28,571 - logs… - INFO - 区域时间戳长度符合期望267
2020-05-09 11:15:28,571 - logs… - INFO - 区域温度和时间 type 符合期望 
2020-05-09 11:15:28,571 - logs… - INFO - 当前温度时间列表长度为2
2020-05-09 11:15:28,571 - logs… - INFO - 区域时间戳长度符合期望268
2020-05-09 11:15:28,571 - logs… - INFO - 区域温度和时间 type 符合期望 
2020-05-09 11:15:28,571 - logs… - INFO - 当前温度时间列表长度为2
2020-05-09 11:15:28,571 - logs… - INFO - 区域时间戳长度符合期望269
2020-05-09 11:15:28,571 - logs… - INFO - 区域温度和时间 type 符合期望 
2020-05-09 11:15:28,571 - logs… - INFO - 当前温度时间列表长度为2
2020-05-09 11:15:28,571 - logs… - INFO - 区域时间戳长度符合期望270
2020-05-09 11:15:28,571 - logs… - INFO - 区域温度和时间 type 符合期望 
2020-05-09 11:15:28,571 - logs… - INFO - 当前温度时间列表长度为2
2020-05-09 11:15:28,571 - logs… - INFO - 区域时间戳长度符合期望271
2020-05-09 11:15:28,571 - logs… - INFO - 区域温度和时间 type 符合期望 
2020-05-09 11:15:28,572 - logs… - INFO - 当前温度时间列表长度为2
2020-05-09 11:15:28,572 - logs… - INFO - 区域时间戳长度符合期望272
2020-05-09 11:15:28,572 - logs… - INFO - 区域温度和时间 type 符合期望 
2020-05-09 11:15:28,572 - logs… - INFO - 当前温度时间列表长度为2
2020-05-09 11:15:28,572 - logs… - INFO - 区域时间戳长度符合期望273
2020-05-09 11:15:28,572 - logs… - INFO - 区域温度和时间 type 符合期望 
2020-05-09 11:15:28,572 - logs… - INFO - 当前温度时间列表长度为2
2020-05-09 11:15:28,572 - logs… - INFO - 区域时间戳长度符合期望274
2020-05-09 11:15:28,572 - logs… - INFO - 区域温度和时间 type 符合期望 
2020-05-09 11:15:28,572 - logs… - INFO - 当前温度时间列表长度为2
2020-05-09 11:15:28,572 - logs… - INFO - 区域时间戳长度符合期望275
2020-05-09 11:15:28,572 - logs… - INFO - 区域温度和时间 type 符合期望 
2020-05-09 11:15:28,572 - logs… - INFO - 当前温度时间列表长度为2
2020-05-09 11:15:28,572 - logs… - INFO - 区域时间戳长度符合期望276
2020-05-09 11:15:28,572 - logs… - INFO - 区域温度和时间 type 符合期望 
2020-05-09 11:15:28,572 - logs… - INFO - 当前温度时间列表长度为2
2020-05-09 11:15:28,573 - logs… - INFO - 区域时间戳长度符合期望277
2020-05-09 11:15:28,573 - logs… - INFO - 区域温度和时间 type 符合期望 
2020-05-09 11:15:28,573 - logs… - INFO - 当前温度时间列表长度为2
2020-05-09 11:15:28,573 - logs… - INFO - 区域时间戳长度符合期望278
2020-05-09 11:15:28,573 - logs… - INFO - 区域温度和时间 type 符合期望 
2020-05-09 11:15:28,573 - logs… - INFO - 当前温度时间列表长度为2
2020-05-09 11:15:28,573 - logs… - INFO - 区域时间戳长度符合期望279
2020-05-09 11:15:28,573 - logs… - INFO - 区域温度和时间 type 符合期望 
2020-05-09 11:15:28,573 - logs… - INFO - 当前温度时间列表长度为2
2020-05-09 11:15:28,573 - logs… - INFO - 区域时间戳长度符合期望280
2020-05-09 11:15:28,573 - logs… - INFO - 区域温度和时间 type 符合期望 
2020-05-09 11:15:28,573 - logs… - INFO - 当前温度时间列表长度为2
2020-05-09 11:15:28,573 - logs… - INFO - 区域时间戳长度符合期望281
2020-05-09 11:15:28,573 - logs… - INFO - 区域温度和时间 type 符合期望 
2020-05-09 11:15:28,573 - logs… - INFO - 当前温度时间列表长度为2
2020-05-09 11:15:28,573 - logs… - INFO - 区域时间戳长度符合期望282
2020-05-09 11:15:28,574 - logs… - INFO - 区域温度和时间 type 符合期望 
2020-05-09 11:15:28,574 - logs… - INFO - 当前温度时间列表长度为2
2020-05-09 11:15:28,574 - logs… - INFO - 区域时间戳长度符合期望283
2020-05-09 11:15:28,574 - logs… - INFO - 区域温度和时间 type 符合期望 
2020-05-09 11:15:28,574 - logs… - INFO - 当前温度时间列表长度为2
2020-05-09 11:15:28,574 - logs… - INFO - 区域时间戳长度符合期望284
2020-05-09 11:15:28,574 - logs… - INFO - 区域温度和时间 type 符合期望 
2020-05-09 11:15:28,574 - logs… - INFO - 当前温度时间列表长度为2
2020-05-09 11:15:28,574 - logs… - INFO - 区域时间戳长度符合期望285
2020-05-09 11:15:28,574 - logs… - INFO - 区域温度和时间 type 符合期望 
2020-05-09 11:15:28,574 - logs… - INFO - 当前温度时间列表长度为2
2020-05-09 11:15:28,574 - logs… - INFO - 区域时间戳长度符合期望286
2020-05-09 11:15:28,574 - logs… - INFO - 区域温度和时间 type 符合期望 
2020-05-09 11:15:28,574 - logs… - INFO - 当前温度时间列表长度为2
2020-05-09 11:15:28,574 - logs… - INFO - 区域时间戳长度符合期望287
2020-05-09 11:15:28,574 - logs… - INFO - 区域温度和时间 type 符合期望 
2020-05-09 11:15:28,575 - logs… - INFO - 当前温度时间列表长度为2
2020-05-09 11:15:28,575 - logs… - INFO - 区域时间戳长度符合期望288
2020-05-09 11:15:28,575 - logs… - INFO - 区域温度和时间 type 符合期望 
2020-05-09 11:15:28,575 - logs… - INFO - 当前温度时间列表长度为2
2020-05-09 11:15:28,575 - logs… - INFO - 区域时间戳长度符合期望289
2020-05-09 11:15:28,575 - logs… - INFO - 区域温度和时间 type 符合期望 
2020-05-09 11:15:28,575 - logs… - INFO - 当前温度时间列表长度为2
2020-05-09 11:15:28,575 - logs… - INFO - 区域时间戳长度符合期望290
2020-05-09 11:15:28,575 - logs… - INFO - 区域温度和时间 type 符合期望 
2020-05-09 11:15:28,575 - logs… - INFO - 当前温度时间列表长度为2
2020-05-09 11:15:28,575 - logs… - INFO - 区域时间戳长度符合期望291
2020-05-09 11:15:28,575 - logs… - INFO - 区域温度和时间 type 符合期望 
2020-05-09 11:15:28,575 - logs… - INFO - 当前温度时间列表长度为2
2020-05-09 11:15:28,575 - logs… - INFO - 区域时间戳长度符合期望292
2020-05-09 11:15:28,575 - logs… - INFO - 区域温度和时间 type 符合期望 
2020-05-09 11:15:28,575 - logs… - INFO - 当前温度时间列表长度为2
2020-05-09 11:15:28,576 - logs… - INFO - 区域时间戳长度符合期望293
2020-05-09 11:15:28,576 - logs… - INFO - 区域温度和时间 type 符合期望 
2020-05-09 11:15:28,576 - logs… - INFO - 当前温度时间列表长度为2
2020-05-09 11:15:28,576 - logs… - INFO - 区域时间戳长度符合期望294
2020-05-09 11:15:28,576 - logs… - INFO - 区域温度和时间 type 符合期望 
2020-05-09 11:15:28,576 - logs… - INFO - 当前温度时间列表长度为2
2020-05-09 11:15:28,576 - logs… - INFO - 区域时间戳长度符合期望295
2020-05-09 11:15:28,576 - logs… - INFO - 区域温度和时间 type 符合期望 
2020-05-09 11:15:28,576 - logs… - INFO - 当前温度时间列表长度为2
2020-05-09 11:15:28,576 - logs… - INFO - 区域时间戳长度符合期望296
2020-05-09 11:15:28,576 - logs… - INFO - 区域温度和时间 type 符合期望 
2020-05-09 11:15:28,576 - logs… - INFO - 当前温度时间列表长度为2
2020-05-09 11:15:28,576 - logs… - INFO - 区域时间戳长度符合期望297
2020-05-09 11:15:28,576 - logs… - INFO - 区域温度和时间 type 符合期望 
2020-05-09 11:15:28,576 - logs… - INFO - 当前温度时间列表长度为2
2020-05-09 11:15:28,576 - logs… - INFO - 区域时间戳长度符合期望298
2020-05-09 11:15:28,577 - logs… - INFO - 区域温度和时间 type 符合期望 
2020-05-09 11:15:28,577 - logs… - INFO - 当前温度时间列表长度为2
2020-05-09 11:15:28,577 - logs… - INFO - 区域时间戳长度符合期望299
2020-05-09 11:15:28,577 - logs… - INFO - 区域温度和时间 type 符合期望 
2020-05-09 11:15:28,577 - logs… - INFO - 当前温度时间列表长度为2
2020-05-09 11:15:28,577 - logs… - INFO - 区域时间戳长度符合期望300
2020-05-09 11:15:28,577 - logs… - INFO - 区域温度和时间 type 符合期望 
2020-05-09 11:15:28,577 - logs… - INFO - 当前温度时间列表长度为2
2020-05-09 11:15:28,577 - logs… - INFO - 区域时间戳长度符合期望301
2020-05-09 11:15:28,577 - logs… - INFO - 区域温度和时间 type 符合期望 
2020-05-09 11:15:28,577 - logs… - INFO - 当前温度时间列表长度为2
2020-05-09 11:15:28,577 - logs… - INFO - 区域时间戳长度符合期望302
2020-05-09 11:15:28,577 - logs… - INFO - 区域温度和时间 type 符合期望 
2020-05-09 11:15:28,577 - logs… - INFO - 当前温度时间列表长度为2
2020-05-09 11:15:28,577 - logs… - INFO - 区域时间戳长度符合期望303
2020-05-09 11:15:28,577 - logs… - INFO - 区域温度和时间 type 符合期望 
2020-05-09 11:15:28,577 - logs… - INFO - 当前温度时间列表长度为2
2020-05-09 11:15:28,578 - logs… - INFO - 区域时间戳长度符合期望304
2020-05-09 11:15:28,578 - logs… - INFO - 区域温度和时间 type 符合期望 
2020-05-09 11:15:28,578 - logs… - INFO - 当前温度时间列表长度为2
2020-05-09 11:15:28,578 - logs… - INFO - 区域时间戳长度符合期望305
2020-05-09 11:15:28,578 - logs… - INFO - 区域温度和时间 type 符合期望 
2020-05-09 11:15:28,578 - logs… - INFO - 当前温度时间列表长度为2
2020-05-09 11:15:28,578 - logs… - INFO - 区域时间戳长度符合期望306
2020-05-09 11:15:28,578 - logs… - INFO - 区域温度和时间 type 符合期望 
2020-05-09 11:15:28,578 - logs… - INFO - 当前温度时间列表长度为2
2020-05-09 11:15:28,578 - logs… - INFO - 区域时间戳长度符合期望307
2020-05-09 11:15:28,578 - logs… - INFO - 区域温度和时间 type 符合期望 
2020-05-09 11:15:28,578 - logs… - INFO - 当前温度时间列表长度为2
2020-05-09 11:15:28,578 - logs… - INFO - 区域时间戳长度符合期望308
2020-05-09 11:15:28,578 - logs… - INFO - 区域温度和时间 type 符合期望 
2020-05-09 11:15:28,578 - logs… - INFO - 当前温度时间列表长度为2
2020-05-09 11:15:28,578 - logs… - INFO - 区域时间戳长度符合期望309
2020-05-09 11:15:28,579 - logs… - INFO - 区域温度和时间 type 符合期望 
2020-05-09 11:15:28,579 - logs… - INFO - 当前温度时间列表长度为2
2020-05-09 11:15:28,579 - logs… - INFO - 区域时间戳长度符合期望310
2020-05-09 11:15:28,579 - logs… - INFO - 区域温度和时间 type 符合期望 
2020-05-09 11:15:28,579 - logs… - INFO - 当前温度时间列表长度为2
2020-05-09 11:15:28,579 - logs… - INFO - 区域时间戳长度符合期望311
2020-05-09 11:15:28,579 - logs… - INFO - 区域温度和时间 type 符合期望 
2020-05-09 11:15:28,579 - logs… - INFO - 当前温度时间列表长度为2
2020-05-09 11:15:28,579 - logs… - INFO - 区域时间戳长度符合期望312
2020-05-09 11:15:28,579 - logs… - INFO - 区域温度和时间 type 符合期望 
2020-05-09 11:15:28,579 - logs… - INFO - 当前温度时间列表长度为2
2020-05-09 11:15:28,579 - logs… - INFO - 区域时间戳长度符合期望313
2020-05-09 11:15:28,579 - logs… - INFO - 区域温度和时间 type 符合期望 
2020-05-09 11:15:28,579 - logs… - INFO - 当前温度时间列表长度为2
2020-05-09 11:15:28,579 - logs… - INFO - 区域时间戳长度符合期望314
2020-05-09 11:15:28,579 - logs… - INFO - 区域温度和时间 type 符合期望 
2020-05-09 11:15:28,579 - logs… - INFO - 当前温度时间列表长度为2
2020-05-09 11:15:28,580 - logs… - INFO - 区域时间戳长度符合期望315
2020-05-09 11:15:28,580 - logs… - INFO - 区域温度和时间 type 符合期望 
2020-05-09 11:15:28,580 - logs… - INFO - 当前温度时间列表长度为2
2020-05-09 11:15:28,580 - logs… - INFO - 区域时间戳长度符合期望316
2020-05-09 11:15:28,580 - logs… - INFO - 区域温度和时间 type 符合期望 
2020-05-09 11:15:28,580 - logs… - INFO - 当前温度时间列表长度为2
2020-05-09 11:15:28,580 - logs… - INFO - 区域时间戳长度符合期望317
2020-05-09 11:15:28,580 - logs… - INFO - 区域温度和时间 type 符合期望 
2020-05-09 11:15:28,580 - logs… - INFO - 当前温度时间列表长度为2
2020-05-09 11:15:28,580 - logs… - INFO - 区域时间戳长度符合期望318
2020-05-09 11:15:28,580 - logs… - INFO - 区域温度和时间 type 符合期望 
2020-05-09 11:15:28,580 - logs… - INFO - 当前温度时间列表长度为2
2020-05-09 11:15:28,580 - logs… - INFO - 区域时间戳长度符合期望319
2020-05-09 11:15:28,580 - logs… - INFO - 区域温度和时间 type 符合期望 
2020-05-09 11:15:28,580 - logs… - INFO - 当前温度时间列表长度为2
2020-05-09 11:15:28,580 - logs… - INFO - 区域时间戳长度符合期望320
2020-05-09 11:15:28,580 - logs… - INFO - 区域温度和时间 type 符合期望 
2020-05-09 11:15:28,581 - logs… - INFO - 当前温度时间列表长度为2
2020-05-09 11:15:28,581 - logs… - INFO - 区域时间戳长度符合期望321
2020-05-09 11:15:28,581 - logs… - INFO - 区域温度和时间 type 符合期望 
2020-05-09 11:15:28,581 - logs… - INFO - 当前温度时间列表长度为2
2020-05-09 11:15:28,581 - logs… - INFO - 区域时间戳长度符合期望322
2020-05-09 11:15:28,581 - logs… - INFO - 区域温度和时间 type 符合期望 
2020-05-09 11:15:28,581 - logs… - INFO - 当前温度时间列表长度为2
2020-05-09 11:15:28,581 - logs… - INFO - 区域时间戳长度符合期望323
2020-05-09 11:15:28,581 - logs… - INFO - 区域温度和时间 type 符合期望 
2020-05-09 11:15:28,581 - logs… - INFO - 当前温度时间列表长度为2
2020-05-09 11:15:28,581 - logs… - INFO - 区域时间戳长度符合期望324
2020-05-09 11:15:28,581 - logs… - INFO - 区域温度和时间 type 符合期望 
2020-05-09 11:15:28,581 - logs… - INFO - 当前温度时间列表长度为2
2020-05-09 11:15:28,581 - logs… - INFO - 区域时间戳长度符合期望325
2020-05-09 11:15:28,581 - logs… - INFO - 区域温度和时间 type 符合期望 
2020-05-09 11:15:28,581 - logs… - INFO - 当前温度时间列表长度为2
2020-05-09 11:15:28,582 - logs… - INFO - 区域时间戳长度符合期望326
2020-05-09 11:15:28,582 - logs… - INFO - 区域温度和时间 type 符合期望 
2020-05-09 11:15:28,582 - logs… - INFO - 当前温度时间列表长度为2
2020-05-09 11:15:28,582 - logs… - INFO - 区域时间戳长度符合期望327
2020-05-09 11:15:28,582 - logs… - INFO - 区域温度和时间 type 符合期望 
2020-05-09 11:15:28,582 - logs… - INFO - 当前温度时间列表长度为2
2020-05-09 11:15:28,582 - logs… - INFO - 区域时间戳长度符合期望328
2020-05-09 11:15:28,582 - logs… - INFO - 区域温度和时间 type 符合期望 
2020-05-09 11:15:28,582 - logs… - INFO - 当前温度时间列表长度为2
2020-05-09 11:15:28,582 - logs… - INFO - 区域时间戳长度符合期望329
2020-05-09 11:15:28,582 - logs… - INFO - 区域温度和时间 type 符合期望 
2020-05-09 11:15:28,582 - logs… - INFO - 当前温度时间列表长度为2
2020-05-09 11:15:28,582 - logs… - INFO - 区域时间戳长度符合期望330
2020-05-09 11:15:28,582 - logs… - INFO - 区域温度和时间 type 符合期望 
2020-05-09 11:15:28,582 - logs… - INFO - 当前温度时间列表长度为2
2020-05-09 11:15:28,582 - logs… - INFO - 区域时间戳长度符合期望331
2020-05-09 11:15:28,583 - logs… - INFO - 区域温度和时间 type 符合期望 
2020-05-09 11:15:28,583 - logs… - INFO - 当前温度时间列表长度为2
2020-05-09 11:15:28,583 - logs… - INFO - 区域时间戳长度符合期望332
2020-05-09 11:15:28,583 - logs… - INFO - 区域温度和时间 type 符合期望 
2020-05-09 11:15:28,583 - logs… - INFO - 当前温度时间列表长度为2
2020-05-09 11:15:28,583 - logs… - INFO - 区域时间戳长度符合期望333
2020-05-09 11:15:28,583 - logs… - INFO - 区域温度和时间 type 符合期望 
2020-05-09 11:15:28,583 - logs… - INFO - 当前温度时间列表长度为2
2020-05-09 11:15:28,583 - logs… - INFO - 区域时间戳长度符合期望334
2020-05-09 11:15:28,583 - logs… - INFO - 区域温度和时间 type 符合期望 
2020-05-09 11:15:28,583 - logs… - INFO - 当前温度时间列表长度为2
2020-05-09 11:15:28,583 - logs… - INFO - 区域时间戳长度符合期望335
2020-05-09 11:15:28,583 - logs… - INFO - 区域温度和时间 type 符合期望 
2020-05-09 11:15:28,583 - logs… - INFO - 当前温度时间列表长度为2
2020-05-09 11:15:28,583 - logs… - INFO - 区域时间戳长度符合期望336
2020-05-09 11:15:28,583 - logs… - INFO - 区域温度和时间 type 符合期望 
2020-05-09 11:15:28,583 - logs… - INFO - 当前温度时间列表长度为2
2020-05-09 11:15:28,584 - logs… - INFO - 区域时间戳长度符合期望337
2020-05-09 11:15:28,584 - logs… - INFO - 区域温度和时间 type 符合期望 
2020-05-09 11:15:28,584 - logs… - INFO - 当前温度时间列表长度为2
2020-05-09 11:15:28,584 - logs… - INFO - 区域时间戳长度符合期望338
2020-05-09 11:15:28,584 - logs… - INFO - 区域温度和时间 type 符合期望 
2020-05-09 11:15:28,584 - logs… - INFO - 当前温度时间列表长度为2
2020-05-09 11:15:28,584 - logs… - INFO - 区域时间戳长度符合期望339
2020-05-09 11:15:28,584 - logs… - INFO - 区域温度和时间 type 符合期望 
2020-05-09 11:15:28,584 - logs… - INFO - 当前温度时间列表长度为2
2020-05-09 11:15:28,584 - logs… - INFO - 区域时间戳长度符合期望340
2020-05-09 11:15:28,584 - logs… - INFO - 区域温度和时间 type 符合期望 
2020-05-09 11:15:28,584 - logs… - INFO - 当前温度时间列表长度为2
2020-05-09 11:15:28,584 - logs… - INFO - 区域时间戳长度符合期望341
2020-05-09 11:15:28,584 - logs… - INFO - 区域温度和时间 type 符合期望 
2020-05-09 11:15:28,584 - logs… - INFO - 当前温度时间列表长度为2
2020-05-09 11:15:28,584 - logs… - INFO - 区域时间戳长度符合期望342
2020-05-09 11:15:28,584 - logs… - INFO - 区域温度和时间 type 符合期望 
2020-05-09 11:15:28,585 - logs… - INFO - 当前温度时间列表长度为2
2020-05-09 11:15:28,585 - logs… - INFO - 区域时间戳长度符合期望343
2020-05-09 11:15:28,585 - logs… - INFO - 区域温度和时间 type 符合期望 
2020-05-09 11:15:28,585 - logs… - INFO - 当前温度时间列表长度为2
2020-05-09 11:15:28,585 - logs… - INFO - 区域时间戳长度符合期望344
2020-05-09 11:15:28,585 - logs… - INFO - 区域温度和时间 type 符合期望 
2020-05-09 11:15:28,585 - logs… - INFO - 当前温度时间列表长度为2
2020-05-09 11:15:28,585 - logs… - INFO - 区域时间戳长度符合期望345
2020-05-09 11:15:28,585 - logs… - INFO - 区域温度和时间 type 符合期望 
2020-05-09 11:15:28,585 - logs… - INFO - 当前温度时间列表长度为2
2020-05-09 11:15:28,585 - logs… - INFO - 区域时间戳长度符合期望346
2020-05-09 11:15:28,585 - logs… - INFO - 区域温度和时间 type 符合期望 
2020-05-09 11:15:28,585 - logs… - INFO - 当前温度时间列表长度为2
2020-05-09 11:15:28,586 - logs… - INFO - 区域时间戳长度符合期望347
2020-05-09 11:15:28,586 - logs… - INFO - 区域温度和时间 type 符合期望 
2020-05-09 11:15:28,586 - logs… - INFO - 当前温度时间列表长度为2
2020-05-09 11:15:28,586 - logs… - INFO - 区域时间戳长度符合期望348
2020-05-09 11:15:28,586 - logs… - INFO - 区域温度和时间 type 符合期望 
2020-05-09 11:15:28,586 - logs… - INFO - 当前温度时间列表长度为2
2020-05-09 11:15:28,586 - logs… - INFO - 区域时间戳长度符合期望349
2020-05-09 11:15:28,586 - logs… - INFO - 区域温度和时间 type 符合期望 
2020-05-09 11:15:28,586 - logs… - INFO - 当前温度时间列表长度为2
2020-05-09 11:15:28,586 - logs… - INFO - 区域时间戳长度符合期望350
2020-05-09 11:15:28,586 - logs… - INFO - 区域温度和时间 type 符合期望 
2020-05-09 11:15:28,586 - logs… - INFO - 当前温度时间列表长度为2
2020-05-09 11:15:28,586 - logs… - INFO - 区域时间戳长度符合期望351
2020-05-09 11:15:28,586 - logs… - INFO - 区域温度和时间 type 符合期望 
2020-05-09 11:15:28,586 - logs… - INFO - 当前温度时间列表长度为2
2020-05-09 11:15:28,586 - logs… - INFO - 区域时间戳长度符合期望352
2020-05-09 11:15:28,587 - logs… - INFO - 区域温度和时间 type 符合期望 
2020-05-09 11:15:28,587 - logs… - INFO - 当前温度时间列表长度为2
2020-05-09 11:15:28,587 - logs… - INFO - 区域时间戳长度符合期望353
2020-05-09 11:15:28,587 - logs… - INFO - 区域温度和时间 type 符合期望 
2020-05-09 11:15:28,587 - logs… - INFO - 当前温度时间列表长度为2
2020-05-09 11:15:28,587 - logs… - INFO - 区域时间戳长度符合期望354
2020-05-09 11:15:28,587 - logs… - INFO - 区域温度和时间 type 符合期望 
2020-05-09 11:15:28,587 - logs… - INFO - 当前温度时间列表长度为2
2020-05-09 11:15:28,587 - logs… - INFO - 区域时间戳长度符合期望355
2020-05-09 11:15:28,587 - logs… - INFO - 区域温度和时间 type 符合期望 
2020-05-09 11:15:28,587 - logs… - INFO - 当前温度时间列表长度为2
2020-05-09 11:15:28,587 - logs… - INFO - 区域时间戳长度符合期望356
2020-05-09 11:15:28,587 - logs… - INFO - 区域温度和时间 type 符合期望 
2020-05-09 11:15:28,587 - logs… - INFO - 当前温度时间列表长度为2
2020-05-09 11:15:28,588 - logs… - INFO - 区域时间戳长度符合期望357
2020-05-09 11:15:28,588 - logs… - INFO - 区域温度和时间 type 符合期望 
2020-05-09 11:15:28,588 - logs… - INFO - 当前温度时间列表长度为2
2020-05-09 11:15:28,588 - logs… - INFO - 区域时间戳长度符合期望358
2020-05-09 11:15:28,588 - logs… - INFO - 区域温度和时间 type 符合期望 
2020-05-09 11:15:28,588 - logs… - INFO - 当前温度时间列表长度为2
2020-05-09 11:15:28,588 - logs… - INFO - 区域时间戳长度符合期望359
2020-05-09 11:15:28,588 - logs… - INFO - 区域温度和时间 type 符合期望 
2020-05-09 11:15:28,588 - logs… - INFO - 当前温度时间列表长度为2
2020-05-09 11:15:28,588 - logs… - INFO - 区域时间戳长度符合期望360
2020-05-09 11:15:28,588 - logs… - INFO - 区域温度和时间 type 符合期望 
2020-05-09 11:15:28,588 - logs… - INFO - 当前温度时间列表长度为2
2020-05-09 11:15:28,588 - logs… - INFO - 区域时间戳长度符合期望361
2020-05-09 11:15:28,588 - logs… - INFO - 区域温度和时间 type 符合期望 
2020-05-09 11:15:28,588 - logs… - INFO - 当前温度时间列表长度为2
2020-05-09 11:15:28,588 - logs… - INFO - 区域时间戳长度符合期望362
2020-05-09 11:15:28,589 - logs… - INFO - 区域温度和时间 type 符合期望 
2020-05-09 11:15:28,589 - logs… - INFO - 当前温度时间列表长度为2
2020-05-09 11:15:28,589 - logs… - INFO - 区域时间戳长度符合期望363
2020-05-09 11:15:28,589 - logs… - INFO - 区域温度和时间 type 符合期望 
2020-05-09 11:15:28,589 - logs… - INFO - 当前温度时间列表长度为2
2020-05-09 11:15:28,589 - logs… - INFO - 区域时间戳长度符合期望364
2020-05-09 11:15:28,589 - logs… - INFO - 区域温度和时间 type 符合期望 
2020-05-09 11:15:28,589 - logs… - INFO - 当前温度时间列表长度为2
2020-05-09 11:15:28,589 - logs… - INFO - 区域时间戳长度符合期望365
2020-05-09 11:15:28,589 - logs… - INFO - 区域温度和时间 type 符合期望 
2020-05-09 11:15:28,589 - logs… - INFO - 当前温度时间列表长度为2
2020-05-09 11:15:28,589 - logs… - INFO - 区域时间戳长度符合期望366
2020-05-09 11:15:28,589 - logs… - INFO - 区域温度和时间 type 符合期望 
2020-05-09 11:15:28,589 - logs… - INFO - 当前温度时间列表长度为2
2020-05-09 11:15:28,589 - logs… - INFO - 区域时间戳长度符合期望367
2020-05-09 11:15:28,589 - logs… - INFO - 区域温度和时间 type 符合期望 
2020-05-09 11:15:28,590 - logs… - INFO - 当前温度时间列表长度为2
2020-05-09 11:15:28,590 - logs… - INFO - 区域时间戳长度符合期望368
2020-05-09 11:15:28,590 - logs… - INFO - 区域温度和时间 type 符合期望 
2020-05-09 11:15:28,590 - logs… - INFO - 当前温度时间列表长度为2
2020-05-09 11:15:28,590 - logs… - INFO - 区域时间戳长度符合期望369
2020-05-09 11:15:28,590 - logs… - INFO - 区域温度和时间 type 符合期望 
2020-05-09 11:15:28,590 - logs… - INFO - 当前温度时间列表长度为2
2020-05-09 11:15:28,590 - logs… - INFO - 区域时间戳长度符合期望370
2020-05-09 11:15:28,590 - logs… - INFO - 区域温度和时间 type 符合期望 
2020-05-09 11:15:28,590 - logs… - INFO - 当前温度时间列表长度为2
2020-05-09 11:15:28,590 - logs… - INFO - 区域时间戳长度符合期望371
2020-05-09 11:15:28,590 - logs… - INFO - 区域温度和时间 type 符合期望 
2020-05-09 11:15:28,590 - logs… - INFO - 当前温度时间列表长度为2
2020-05-09 11:15:28,590 - logs… - INFO - 区域时间戳长度符合期望372
2020-05-09 11:15:28,590 - logs… - INFO - 区域温度和时间 type 符合期望 
2020-05-09 11:15:28,590 - logs… - INFO - 当前温度时间列表长度为2
2020-05-09 11:15:28,590 - logs… - INFO - 区域时间戳长度符合期望373
2020-05-09 11:15:28,591 - logs… - INFO - 区域温度和时间 type 符合期望 
2020-05-09 11:15:28,591 - logs… - INFO - 当前温度时间列表长度为2
2020-05-09 11:15:28,591 - logs… - INFO - 区域时间戳长度符合期望374
2020-05-09 11:15:28,591 - logs… - INFO - 区域温度和时间 type 符合期望 
2020-05-09 11:15:28,591 - logs… - INFO - 当前温度时间列表长度为2
2020-05-09 11:15:28,591 - logs… - INFO - 区域时间戳长度符合期望375
2020-05-09 11:15:28,591 - logs… - INFO - 区域温度和时间 type 符合期望 
2020-05-09 11:15:28,591 - logs… - INFO - 当前温度时间列表长度为2
2020-05-09 11:15:28,591 - logs… - INFO - 区域时间戳长度符合期望376
2020-05-09 11:15:28,591 - logs… - INFO - 区域温度和时间 type 符合期望 
2020-05-09 11:15:28,591 - logs… - INFO - 当前温度时间列表长度为2
2020-05-09 11:15:28,591 - logs… - INFO - 区域时间戳长度符合期望377
2020-05-09 11:15:28,591 - logs… - INFO - 区域温度和时间 type 符合期望 
2020-05-09 11:15:28,591 - logs… - INFO - 当前温度时间列表长度为2
2020-05-09 11:15:28,591 - logs… - INFO - 区域时间戳长度符合期望378
2020-05-09 11:15:28,591 - logs… - INFO - 区域温度和时间 type 符合期望 
2020-05-09 11:15:28,592 - logs… - INFO - 当前温度时间列表长度为2
2020-05-09 11:15:28,592 - logs… - INFO - 区域时间戳长度符合期望379
2020-05-09 11:15:28,592 - logs… - INFO - 区域温度和时间 type 符合期望 
2020-05-09 11:15:28,592 - logs… - INFO - 当前温度时间列表长度为2
2020-05-09 11:15:28,592 - logs… - INFO - 区域时间戳长度符合期望380
2020-05-09 11:15:28,592 - logs… - INFO - 区域温度和时间 type 符合期望 
2020-05-09 11:15:28,592 - logs… - INFO - 当前温度时间列表长度为2
2020-05-09 11:15:28,592 - logs… - INFO - 区域时间戳长度符合期望381
2020-05-09 11:15:28,592 - logs… - INFO - 区域温度和时间 type 符合期望 
2020-05-09 11:15:28,592 - logs… - INFO - 当前温度时间列表长度为2
2020-05-09 11:15:28,592 - logs… - INFO - 区域时间戳长度符合期望382
2020-05-09 11:15:28,592 - logs… - INFO - 区域温度和时间 type 符合期望 
2020-05-09 11:15:28,592 - logs… - INFO - 当前温度时间列表长度为2
2020-05-09 11:15:28,592 - logs… - INFO - 区域时间戳长度符合期望383
2020-05-09 11:15:28,592 - logs… - INFO - 区域温度和时间 type 符合期望 
2020-05-09 11:15:28,592 - logs… - INFO - 当前温度时间列表长度为2
2020-05-09 11:15:28,593 - logs… - INFO - 区域时间戳长度符合期望384
2020-05-09 11:15:28,593 - logs… - INFO - 区域温度和时间 type 符合期望 
2020-05-09 11:15:28,593 - logs… - INFO - 当前温度时间列表长度为2
2020-05-09 11:15:28,593 - logs… - INFO - 区域时间戳长度符合期望385
2020-05-09 11:15:28,593 - logs… - INFO - 区域温度和时间 type 符合期望 
2020-05-09 11:15:28,593 - logs… - INFO - 当前温度时间列表长度为2
2020-05-09 11:15:28,593 - logs… - INFO - 区域时间戳长度符合期望386
2020-05-09 11:15:28,593 - logs… - INFO - 区域温度和时间 type 符合期望 
2020-05-09 11:15:28,593 - logs… - INFO - 当前温度时间列表长度为2
2020-05-09 11:15:28,593 - logs… - INFO - 区域时间戳长度符合期望387
2020-05-09 11:15:28,593 - logs… - INFO - 区域温度和时间 type 符合期望 
2020-05-09 11:15:28,593 - logs… - INFO - 当前温度时间列表长度为2
2020-05-09 11:15:28,593 - logs… - INFO - 区域时间戳长度符合期望388
2020-05-09 11:15:28,593 - logs… - INFO - 区域温度和时间 type 符合期望 
2020-05-09 11:15:28,593 - logs… - INFO - 当前温度时间列表长度为2
2020-05-09 11:15:28,594 - logs… - INFO - 区域时间戳长度符合期望389
2020-05-09 11:15:28,594 - logs… - INFO - 区域温度和时间 type 符合期望 
2020-05-09 11:15:28,594 - logs… - INFO - 当前温度时间列表长度为2
2020-05-09 11:15:28,594 - logs… - INFO - 区域时间戳长度符合期望390
2020-05-09 11:15:28,594 - logs… - INFO - 区域温度和时间 type 符合期望 
2020-05-09 11:15:28,594 - logs… - INFO - 当前温度时间列表长度为2
2020-05-09 11:15:28,594 - logs… - INFO - 区域时间戳长度符合期望391
2020-05-09 11:15:28,594 - logs… - INFO - 区域温度和时间 type 符合期望 
2020-05-09 11:15:28,594 - logs… - INFO - 当前温度时间列表长度为2
2020-05-09 11:15:28,594 - logs… - INFO - 区域时间戳长度符合期望392
2020-05-09 11:15:28,594 - logs… - INFO - 区域温度和时间 type 符合期望 
2020-05-09 11:15:28,594 - logs… - INFO - 当前温度时间列表长度为2
2020-05-09 11:15:28,594 - logs… - INFO - 区域时间戳长度符合期望393
2020-05-09 11:15:28,594 - logs… - INFO - 区域温度和时间 type 符合期望 
2020-05-09 11:15:28,594 - logs… - INFO - 当前温度时间列表长度为2
2020-05-09 11:15:28,594 - logs… - INFO - 区域时间戳长度符合期望394
2020-05-09 11:15:28,595 - logs… - INFO - 区域温度和时间 type 符合期望 
2020-05-09 11:15:28,595 - logs… - INFO - 当前温度时间列表长度为2
2020-05-09 11:15:28,595 - logs… - INFO - 区域时间戳长度符合期望395
2020-05-09 11:15:28,595 - logs… - INFO - 区域温度和时间 type 符合期望 
2020-05-09 11:15:28,595 - logs… - INFO - 当前温度时间列表长度为2
2020-05-09 11:15:28,595 - logs… - INFO - 区域时间戳长度符合期望396
2020-05-09 11:15:28,595 - logs… - INFO - 区域温度和时间 type 符合期望 
2020-05-09 11:15:28,595 - logs… - INFO - 当前温度时间列表长度为2
2020-05-09 11:15:28,595 - logs… - INFO - 区域时间戳长度符合期望397
2020-05-09 11:15:28,595 - logs… - INFO - 区域温度和时间 type 符合期望 
2020-05-09 11:15:28,595 - logs… - INFO - 当前温度时间列表长度为2
2020-05-09 11:15:28,595 - logs… - INFO - 区域时间戳长度符合期望398
2020-05-09 11:15:28,595 - logs… - INFO - 区域温度和时间 type 符合期望 
2020-05-09 11:15:28,595 - logs… - INFO - 当前温度时间列表长度为2
2020-05-09 11:15:28,595 - logs… - INFO - 区域时间戳长度符合期望399
2020-05-09 11:15:28,596 - logs… - INFO - 区域温度和时间 type 符合期望 
2020-05-09 11:15:28,596 - logs… - INFO - 当前温度时间列表长度为2
2020-05-09 11:15:28,596 - logs… - INFO - 区域时间戳长度符合期望400
2020-05-09 11:15:28,596 - logs… - INFO - 区域温度和时间 type 符合期望 
2020-05-09 11:15:28,596 - logs… - INFO - 当前温度时间列表长度为2
2020-05-09 11:15:28,596 - logs… - INFO - 区域时间戳长度符合期望401
2020-05-09 11:15:28,596 - logs… - INFO - 区域温度和时间 type 符合期望 
2020-05-09 11:15:28,596 - logs… - INFO - 当前温度时间列表长度为2
2020-05-09 11:15:28,596 - logs… - INFO - 区域时间戳长度符合期望402
2020-05-09 11:15:28,596 - logs… - INFO - 区域温度和时间 type 符合期望 
2020-05-09 11:15:28,596 - logs… - INFO - 当前温度时间列表长度为2
2020-05-09 11:15:28,596 - logs… - INFO - 区域时间戳长度符合期望403
2020-05-09 11:15:28,596 - logs… - INFO - 区域温度和时间 type 符合期望 
2020-05-09 11:15:28,596 - logs… - INFO - 当前温度时间列表长度为2
2020-05-09 11:15:28,596 - logs… - INFO - 区域时间戳长度符合期望404
2020-05-09 11:15:28,596 - logs… - INFO - 区域温度和时间 type 符合期望 
2020-05-09 11:15:28,597 - logs… - INFO - 当前温度时间列表长度为2
2020-05-09 11:15:28,597 - logs… - INFO - 区域时间戳长度符合期望405
2020-05-09 11:15:28,597 - logs… - INFO - 区域温度和时间 type 符合期望 
2020-05-09 11:15:28,597 - logs… - INFO - 当前温度时间列表长度为2
2020-05-09 11:15:28,597 - logs… - INFO - 区域时间戳长度符合期望406
2020-05-09 11:15:28,597 - logs… - INFO - 区域温度和时间 type 符合期望 
2020-05-09 11:15:28,597 - logs… - INFO - 当前温度时间列表长度为2
2020-05-09 11:15:28,597 - logs… - INFO - 区域时间戳长度符合期望407
2020-05-09 11:15:28,597 - logs… - INFO - 区域温度和时间 type 符合期望 
2020-05-09 11:15:28,597 - logs… - INFO - 当前温度时间列表长度为2
2020-05-09 11:15:28,597 - logs… - INFO - 区域时间戳长度符合期望408
2020-05-09 11:15:28,597 - logs… - INFO - 区域温度和时间 type 符合期望 
2020-05-09 11:15:28,597 - logs… - INFO - 当前温度时间列表长度为2
2020-05-09 11:15:28,597 - logs… - INFO - 区域时间戳长度符合期望409
2020-05-09 11:15:28,598 - logs… - INFO - 区域温度和时间 type 符合期望 
2020-05-09 11:15:28,598 - logs… - INFO - 当前温度时间列表长度为2
2020-05-09 11:15:28,598 - logs… - INFO - 区域时间戳长度符合期望410
2020-05-09 11:15:28,598 - logs… - INFO - 区域温度和时间 type 符合期望 
2020-05-09 11:15:28,598 - logs… - INFO - 当前温度时间列表长度为2
2020-05-09 11:15:28,598 - logs… - INFO - 区域时间戳长度符合期望411
2020-05-09 11:15:28,598 - logs… - INFO - 区域温度和时间 type 符合期望 
2020-05-09 11:15:28,598 - logs… - INFO - 当前温度时间列表长度为2
2020-05-09 11:15:28,598 - logs… - INFO - 区域时间戳长度符合期望412
2020-05-09 11:15:28,598 - logs… - INFO - 区域温度和时间 type 符合期望 
2020-05-09 11:15:28,598 - logs… - INFO - 当前温度时间列表长度为2
2020-05-09 11:15:28,598 - logs… - INFO - 区域时间戳长度符合期望413
2020-05-09 11:15:28,598 - logs… - INFO - 区域温度和时间 type 符合期望 
2020-05-09 11:15:28,598 - logs… - INFO - 当前温度时间列表长度为2
2020-05-09 11:15:28,598 - logs… - INFO - 区域时间戳长度符合期望414
2020-05-09 11:15:28,599 - logs… - INFO - 区域温度和时间 type 符合期望 
2020-05-09 11:15:28,599 - logs… - INFO - 当前温度时间列表长度为2
2020-05-09 11:15:28,599 - logs… - INFO - 区域时间戳长度符合期望415
2020-05-09 11:15:28,599 - logs… - INFO - 区域温度和时间 type 符合期望 
2020-05-09 11:15:28,599 - logs… - INFO - 当前温度时间列表长度为2
2020-05-09 11:15:28,599 - logs… - INFO - 区域时间戳长度符合期望416
2020-05-09 11:15:28,599 - logs… - INFO - 区域温度和时间 type 符合期望 
2020-05-09 11:15:28,599 - logs… - INFO - 当前温度时间列表长度为2
2020-05-09 11:15:28,599 - logs… - INFO - 区域时间戳长度符合期望417
2020-05-09 11:15:28,599 - logs… - INFO - 区域温度和时间 type 符合期望 
2020-05-09 11:15:28,599 - logs… - INFO - 当前温度时间列表长度为2
2020-05-09 11:15:28,599 - logs… - INFO - 区域时间戳长度符合期望418
2020-05-09 11:15:28,599 - logs… - INFO - 区域温度和时间 type 符合期望 
2020-05-09 11:15:28,599 - logs… - INFO - 当前温度时间列表长度为2
2020-05-09 11:15:28,599 - logs… - INFO - 区域时间戳长度符合期望419
2020-05-09 11:15:28,599 - logs… - INFO - 区域温度和时间 type 符合期望 
2020-05-09 11:15:28,600 - logs… - INFO - 当前温度时间列表长度为2
2020-05-09 11:15:28,600 - logs… - INFO - 区域时间戳长度符合期望420
2020-05-09 11:15:28,600 - logs… - INFO - 区域温度和时间 type 符合期望 
2020-05-09 11:15:28,600 - logs… - INFO - 当前温度时间列表长度为2
2020-05-09 11:15:28,600 - logs… - INFO - 区域时间戳长度符合期望421
2020-05-09 11:15:28,600 - logs… - INFO - 区域温度和时间 type 符合期望 
2020-05-09 11:15:28,600 - logs… - INFO - 当前温度时间列表长度为2
2020-05-09 11:15:28,600 - logs… - INFO - 区域时间戳长度符合期望422
2020-05-09 11:15:28,600 - logs… - INFO - 区域温度和时间 type 符合期望 
2020-05-09 11:15:28,600 - logs… - INFO - 当前温度时间列表长度为2
2020-05-09 11:15:28,600 - logs… - INFO - 区域时间戳长度符合期望423
2020-05-09 11:15:28,600 - logs… - INFO - 区域温度和时间 type 符合期望 
2020-05-09 11:15:28,600 - logs… - INFO - 当前温度时间列表长度为2
2020-05-09 11:15:28,600 - logs… - INFO - 区域时间戳长度符合期望424
2020-05-09 11:15:28,600 - logs… - INFO - 区域温度和时间 type 符合期望 
2020-05-09 11:15:28,600 - logs… - INFO - 当前温度时间列表长度为2
2020-05-09 11:15:28,600 - logs… - INFO - 区域时间戳长度符合期望425
2020-05-09 11:15:28,601 - logs… - INFO - 区域温度和时间 type 符合期望 
2020-05-09 11:15:28,601 - logs… - INFO - 当前温度时间列表长度为2
2020-05-09 11:15:28,601 - logs… - INFO - 区域时间戳长度符合期望426
2020-05-09 11:15:28,601 - logs… - INFO - 区域温度和时间 type 符合期望 
2020-05-09 11:15:28,601 - logs… - INFO - 当前温度时间列表长度为2
2020-05-09 11:15:28,601 - logs… - INFO - 区域时间戳长度符合期望427
2020-05-09 11:15:28,601 - logs… - INFO - 区域温度和时间 type 符合期望 
2020-05-09 11:15:28,601 - logs… - INFO - 当前温度时间列表长度为2
2020-05-09 11:15:28,601 - logs… - INFO - 区域时间戳长度符合期望428
2020-05-09 11:15:28,601 - logs… - INFO - 区域温度和时间 type 符合期望 
2020-05-09 11:15:28,601 - logs… - INFO - 当前温度时间列表长度为2
2020-05-09 11:15:28,601 - logs… - INFO - 区域时间戳长度符合期望429
2020-05-09 11:15:28,601 - logs… - INFO - 区域温度和时间 type 符合期望 
2020-05-09 11:15:28,601 - logs… - INFO - 当前温度时间列表长度为2
2020-05-09 11:15:28,601 - logs… - INFO - 区域时间戳长度符合期望430
2020-05-09 11:15:28,601 - logs… - INFO - 区域温度和时间 type 符合期望 
2020-05-09 11:15:28,602 - logs… - INFO - 当前温度时间列表长度为2
2020-05-09 11:15:28,602 - logs… - INFO - 区域时间戳长度符合期望431
2020-05-09 11:15:28,602 - logs… - INFO - 区域温度和时间 type 符合期望 
2020-05-09 11:15:28,602 - logs… - INFO - 当前温度时间列表长度为2
2020-05-09 11:15:28,602 - logs… - INFO - 区域时间戳长度符合期望432
2020-05-09 11:15:28,602 - logs… - INFO - 区域温度和时间 type 符合期望 
2020-05-09 11:15:28,602 - logs… - INFO - 当前温度时间列表长度为2
2020-05-09 11:15:28,602 - logs… - INFO - 区域时间戳长度符合期望433
2020-05-09 11:15:28,602 - logs… - INFO - 区域温度和时间 type 符合期望 
2020-05-09 11:15:28,602 - logs… - INFO - 接口测试用例：test_api_04_01.py  ========= test  end ========
