2020-04-29 16:46:18,343 - logs… - INFO - resultPathD:\JRLJK_interfacetest\report\report2020-04-29-16-46-18.html
2020-04-29 16:46:18,343 - logs… - INFO - caseListFileD:\JRLJK_interfacetest\caselist.txt
2020-04-29 16:46:18,343 - logs… - INFO - caseList[]
2020-04-29 16:46:18,419 - logs… - INFO - 接口测试用例：test_api_01_01.py  ====== test  starts ========
2020-04-29 16:46:18,477 - logs… - INFO - (200, {'errcode': 0, 'data': {'furnaceNo': '2', 'areaNo': '5', 'status': 1, 'content': [[1588149981000, 0]], 'door_status': 1}})
2020-04-29 16:46:18,477 - logs… - INFO - code：200
2020-04-29 16:46:18,478 - logs… - INFO - errcode：0
2020-04-29 16:46:18,478 - logs… - INFO - furnaceNo：2
2020-04-29 16:46:18,478 - logs… - INFO - areaNo：5
2020-04-29 16:46:18,478 - logs… - INFO - 温度和时间不为空
2020-04-29 16:46:18,478 - logs… - INFO - content第一个列表长度 符合期望
2020-04-29 16:46:18,478 - logs… - INFO - 时间戳长度符合期望
2020-04-29 16:46:18,478 - logs… - INFO - type 符合期望 
2020-04-29 16:46:18,478 - logs… - INFO - time.struct_time(tm_year=2020, tm_mon=4, tm_mday=29, tm_hour=16, tm_min=46, tm_sec=21, tm_wday=2, tm_yday=120, tm_isdst=0)
2020-04-29 16:46:18,479 - logs… - INFO - <class 'time.struct_time'>
2020-04-29 16:46:18,479 - logs… - INFO - 时间戳符合期望
2020-04-29 16:46:18,479 - logs… - INFO - 接口测试用例：test_api_01_01.py  ====== test  end ========
2020-04-29 16:46:18,479 - logs… - INFO - 接口测试用例：test_api_01_02.py  ====== test  start ========
2020-04-29 16:46:18,492 - logs… - INFO - (200, {'errcode': 101, 'errmsg': '不存在的炉子编号11!'})
2020-04-29 16:46:18,492 - logs… - INFO - 请求码为： 200
2020-04-29 16:46:18,492 - logs… - INFO - errcode errmsg 字段存在
2020-04-29 16:46:18,492 - logs… - INFO - errcode = 101, errmsg == 不存在的炉子编号11! 
2020-04-29 16:46:18,492 - logs… - INFO - 接口测试用例：test_api_01_02.py  ====== test  end ========
2020-04-29 16:46:18,492 - logs… - INFO - 接口测试用例：test_api_01_03.py  ====== test  start ========
2020-04-29 16:46:18,509 - logs… - INFO - (200, {'errcode': 101, 'errmsg': '区域8在4号炉中不存在!'})
2020-04-29 16:46:18,509 - logs… - INFO - 请求码为： 200
2020-04-29 16:46:18,509 - logs… - INFO - errcode，errmsg 字段存在
2020-04-29 16:46:18,509 - logs… - INFO - self.data_text[1]['errcode/errmsg'] ,内容效验成功
2020-04-29 16:46:18,509 - logs… - INFO - 接口测试用例：test_api_01_03.py  ====== test  end ========
2020-04-29 16:46:18,509 - logs… - INFO - 接口测试用例：test_api_01_04.py  ====== test  start ========
2020-04-29 16:46:18,522 - logs… - INFO - (200, {'errcode': 101, 'errmsg': '不存在的炉子编号11!'})
2020-04-29 16:46:18,522 - logs… - INFO - 请求码为： 200
2020-04-29 16:46:18,522 - logs… - INFO - errcode , errmsg 字段存在
2020-04-29 16:46:18,522 - logs… - INFO - self.data_text[1]['errcode/errmsg'] ,内容效验成功
2020-04-29 16:46:18,522 - logs… - INFO - 接口测试用例：test_api_01_04.py  ====== test  end ========
